{"cache.AddLikes(likes)":0,"level":"debug","msg":"","time":"2024-04-14 22:17:08"}
{"cache.AddLikes(likes)":0,"level":"debug","msg":"","time":"2024-04-14 22:17:40"}
{"cache.AddLikes(likes)":0,"level":"debug","msg":"","time":"2024-04-14 22:17:40"}
{"cache.AddLikes(likes)":0,"level":"debug","msg":"","time":"2024-04-14 22:17:47"}
{"cache.AddLikes(likes)":0,"level":"debug","msg":"","time":"2024-04-14 22:17:47"}
{" dao.SqlDB.Model(\u0026like))":0,"level":"debug","msg":"","time":"2024-04-14 22:19:39"}
{"cache.AddLikes(likes)":0,"level":"debug","msg":"","time":"2024-04-14 22:19:39"}
{"cache.AddLikes(likes)":0,"level":"debug","msg":"","time":"2024-04-14 22:19:39"}
{"cache.AddLikes(likes)":1,"level":"debug","msg":"","time":"2024-04-14 22:33:35"}
{"cache.AddLikes(likes)":1,"level":"debug","msg":"","time":"2024-04-14 22:33:35"}
{"SAddCmd likescount_all:":"likes:1","level":"debug","msg":"","time":"2024-04-14 22:33:35"}
{"SAddCmd userID:":"1","level":"debug","msg":"","time":"2024-04-14 22:33:35"}
{"debug:":[],"level":"debug","msg":"","time":"2024-04-14 23:45:27"}
{"debug:":[],"level":"debug","msg":"","time":"2024-04-14 23:45:29"}
{"level":"debug","msg":"","time":"2024-04-14 23:47:07","userid:":2}
{"debug:":[],"level":"debug","msg":"","time":"2024-04-14 23:47:07"}
{"level":"debug","msg":"","time":"2024-04-14 23:49:41","userid:":1}
{"debug:":[{"id":2,"user_id":1,"content":"aaaa","image_paths":"","add_time":"2024-04-14T14:55:10+08:00","update_time":"2024-04-14T14:55:10+08:00"},{"id":1,"user_id":1,"content":"1231231","image_paths":"","add_time":"2024-04-14T12:51:22+08:00","update_time":"2024-04-14T12:51:22+08:00"}],"level":"debug","msg":"","time":"2024-04-14 23:49:41"}
{"level":"debug","msg":"","time":"2024-04-14 23:49:42","userid:":1}
{"debug:":[{"id":2,"user_id":1,"content":"aaaa","image_paths":"","add_time":"2024-04-14T14:55:10+08:00","update_time":"2024-04-14T14:55:10+08:00"},{"id":1,"user_id":1,"content":"1231231","image_paths":"","add_time":"2024-04-14T12:51:22+08:00","update_time":"2024-04-14T12:51:22+08:00"}],"level":"debug","msg":"","time":"2024-04-14 23:49:42"}
{"level":"debug","msg":"","time":"2024-04-14 23:49:54","userid:":1}
{"debug:":[{"id":2,"user_id":1,"content":"aaaa","image_paths":"","add_time":"2024-04-14T14:55:10+08:00","update_time":"2024-04-14T14:55:10+08:00"},{"id":1,"user_id":1,"content":"1231231","image_paths":"","add_time":"2024-04-14T12:51:22+08:00","update_time":"2024-04-14T12:51:22+08:00"}],"level":"debug","msg":"","time":"2024-04-14 23:49:54"}
{"level":"debug","msg":"","time":"2024-04-14 23:49:59","userid:":1}
{"debug:":[{"id":2,"user_id":1,"content":"aaaa","image_paths":"","add_time":"2024-04-14T14:55:10+08:00","update_time":"2024-04-14T14:55:10+08:00"},{"id":1,"user_id":1,"content":"1231231","image_paths":"","add_time":"2024-04-14T12:51:22+08:00","update_time":"2024-04-14T12:51:22+08:00"}],"level":"debug","msg":"","time":"2024-04-14 23:49:59"}
{"level":"debug","msg":"","time":"2024-04-14 23:50:01","userid:":1}
{"debug:":[{"id":2,"user_id":1,"content":"aaaa","image_paths":"","add_time":"2024-04-14T14:55:10+08:00","update_time":"2024-04-14T14:55:10+08:00"},{"id":1,"user_id":1,"content":"1231231","image_paths":"","add_time":"2024-04-14T12:51:22+08:00","update_time":"2024-04-14T12:51:22+08:00"}],"level":"debug","msg":"","time":"2024-04-14 23:50:01"}
