2024-04-11 22:19:24 - ::1 "POST /user/register HTTP/1.1 200 198.67ms "python-requests/2.30.0" "
2024-04-11 22:20:56 - ::1 "POST /user/register HTTP/1.1 200 116.8368ms "python-requests/2.30.0" "
2024-04-11 22:20:58 - ::1 "POST /user/register HTTP/1.1 200 103.1751ms "python-requests/2.30.0" "
2024-04-11 22:20:59 - ::1 "POST /user/register HTTP/1.1 200 109.1716ms "python-requests/2.30.0" "
2024-04-11 22:21:00 - ::1 "POST /user/register HTTP/1.1 200 106.2875ms "python-requests/2.30.0" "
2024-04-11 22:21:01 - ::1 "POST /user/register HTTP/1.1 200 103.3518ms "python-requests/2.30.0" "
2024-04-11 22:21:02 - ::1 "POST /user/register HTTP/1.1 200 104.3827ms "python-requests/2.30.0" "
2024-04-11 22:21:03 - ::1 "POST /user/register HTTP/1.1 200 100.0192ms "python-requests/2.30.0" "
2024-04-11 22:21:04 - ::1 "POST /user/register HTTP/1.1 200 104.2457ms "python-requests/2.30.0" "
2024-04-11 22:21:05 - ::1 "POST /user/register HTTP/1.1 200 107.35ms "python-requests/2.30.0" "
2024-04-11 22:21:06 - ::1 "POST /user/register HTTP/1.1 200 101.6539ms "python-requests/2.30.0" "
2024-04-11 22:47:44 - ::1 "POST /user/register HTTP/1.1 200 102.0405ms "Go-http-client/1.1" "
2024-04-11 22:47:44 - ::1 "POST /user/register HTTP/1.1 200 120.3922ms "Go-http-client/1.1" "
2024-04-11 22:47:44 - ::1 "POST /user/register HTTP/1.1 200 120.7938ms "Go-http-client/1.1" "
2024-04-11 22:47:44 - ::1 "POST /user/register HTTP/1.1 200 134.8161ms "Go-http-client/1.1" "
2024-04-11 22:47:44 - ::1 "POST /user/register HTTP/1.1 200 136.9821ms "Go-http-client/1.1" "
2024-04-11 22:47:44 - ::1 "POST /user/register HTTP/1.1 200 145.5897ms "Go-http-client/1.1" "
2024-04-11 22:47:44 - ::1 "POST /user/register HTTP/1.1 200 146.5458ms "Go-http-client/1.1" "
2024-04-11 22:47:44 - ::1 "POST /user/register HTTP/1.1 200 154.7005ms "Go-http-client/1.1" "
2024-04-11 22:47:44 - ::1 "POST /user/register HTTP/1.1 200 155.6402ms "Go-http-client/1.1" "
2024-04-11 22:47:44 - ::1 "POST /user/register HTTP/1.1 200 155.0434ms "Go-http-client/1.1" "
2024-04-11 22:48:28 - ::1 "POST /user/register HTTP/1.1 200 156.4869ms "Go-http-client/1.1" "
2024-04-11 22:48:28 - ::1 "POST /user/register HTTP/1.1 200 183.6986ms "Go-http-client/1.1" "
2024-04-11 22:48:28 - ::1 "POST /user/register HTTP/1.1 200 186.5382ms "Go-http-client/1.1" "
2024-04-11 22:48:28 - ::1 "POST /user/register HTTP/1.1 200 185.9869ms "Go-http-client/1.1" "
2024-04-11 22:48:28 - ::1 "POST /user/register HTTP/1.1 200 193.2457ms "Go-http-client/1.1" "
2024-04-11 22:48:28 - ::1 "POST /user/register HTTP/1.1 200 185.4797ms "Go-http-client/1.1" "
2024-04-11 22:48:28 - ::1 "POST /user/register HTTP/1.1 200 190.3264ms "Go-http-client/1.1" "
2024-04-11 22:48:28 - ::1 "POST /user/register HTTP/1.1 200 218.1996ms "Go-http-client/1.1" "
2024-04-11 22:48:28 - ::1 "POST /user/register HTTP/1.1 200 236.5503ms "Go-http-client/1.1" "
2024-04-11 22:48:28 - ::1 "POST /user/register HTTP/1.1 200 236.6872ms "Go-http-client/1.1" "
2024-04-11 22:48:28 - ::1 "POST /user/register HTTP/1.1 200 238.2964ms "Go-http-client/1.1" "
2024-04-11 22:48:29 - ::1 "POST /user/register HTTP/1.1 200 183.5916ms "Go-http-client/1.1" "
2024-04-11 22:48:29 - ::1 "POST /user/register HTTP/1.1 200 248.413ms "Go-http-client/1.1" "
2024-04-11 22:48:29 - ::1 "POST /user/register HTTP/1.1 200 252.8744ms "Go-http-client/1.1" "
2024-04-11 22:48:29 - ::1 "POST /user/register HTTP/1.1 200 349.7999ms "Go-http-client/1.1" "
2024-04-11 22:48:29 - ::1 "POST /user/register HTTP/1.1 200 352.5846ms "Go-http-client/1.1" "
2024-04-11 22:48:29 - ::1 "POST /user/register HTTP/1.1 200 356.4402ms "Go-http-client/1.1" "
2024-04-11 22:48:30 - ::1 "POST /user/register HTTP/1.1 200 2.1209865s "Go-http-client/1.1" "
2024-04-11 22:48:30 - ::1 "POST /user/register HTTP/1.1 200 2.1670516s "Go-http-client/1.1" "
2024-04-11 22:48:30 - ::1 "POST /user/register HTTP/1.1 200 2.1724106s "Go-http-client/1.1" "
2024-04-11 22:48:30 - ::1 "POST /user/register HTTP/1.1 200 2.1712421s "Go-http-client/1.1" "
2024-04-11 22:48:30 - ::1 "POST /user/register HTTP/1.1 200 2.1838357s "Go-http-client/1.1" "
2024-04-11 22:48:30 - ::1 "POST /user/register HTTP/1.1 200 2.1891715s "Go-http-client/1.1" "
2024-04-11 22:48:30 - ::1 "POST /user/register HTTP/1.1 200 2.2173739s "Go-http-client/1.1" "
2024-04-11 22:48:30 - ::1 "POST /user/register HTTP/1.1 200 2.2301058s "Go-http-client/1.1" "
2024-04-11 22:48:30 - ::1 "POST /user/register HTTP/1.1 200 2.2368861s "Go-http-client/1.1" "
2024-04-11 22:48:30 - ::1 "POST /user/register HTTP/1.1 200 2.2417742s "Go-http-client/1.1" "
2024-04-11 22:48:30 - ::1 "POST /user/register HTTP/1.1 200 2.2443532s "Go-http-client/1.1" "
2024-04-11 22:48:30 - ::1 "POST /user/register HTTP/1.1 200 2.2510343s "Go-http-client/1.1" "
2024-04-11 22:48:30 - ::1 "POST /user/register HTTP/1.1 200 2.2663703s "Go-http-client/1.1" "
2024-04-11 22:48:30 - ::1 "POST /user/register HTTP/1.1 200 2.2905057s "Go-http-client/1.1" "
2024-04-11 22:48:30 - ::1 "POST /user/register HTTP/1.1 200 2.3062279s "Go-http-client/1.1" "
2024-04-11 22:48:30 - ::1 "POST /user/register HTTP/1.1 200 2.3103556s "Go-http-client/1.1" "
2024-04-11 22:48:30 - ::1 "POST /user/register HTTP/1.1 200 2.3040116s "Go-http-client/1.1" "
2024-04-11 22:48:30 - ::1 "POST /user/register HTTP/1.1 200 2.3024325s "Go-http-client/1.1" "
2024-04-11 22:48:30 - ::1 "POST /user/register HTTP/1.1 200 2.3071703s "Go-http-client/1.1" "
2024-04-11 22:48:30 - ::1 "POST /user/register HTTP/1.1 200 2.3076845s "Go-http-client/1.1" "
2024-04-11 22:48:30 - ::1 "POST /user/register HTTP/1.1 200 2.2990013s "Go-http-client/1.1" "
2024-04-11 22:48:30 - ::1 "POST /user/register HTTP/1.1 200 2.3049964s "Go-http-client/1.1" "
2024-04-11 22:48:30 - ::1 "POST /user/register HTTP/1.1 200 2.3060449s "Go-http-client/1.1" "
2024-04-11 22:48:30 - ::1 "POST /user/register HTTP/1.1 200 2.311395s "Go-http-client/1.1" "
2024-04-11 22:48:30 - ::1 "POST /user/register HTTP/1.1 200 2.317734s "Go-http-client/1.1" "
2024-04-11 22:48:30 - ::1 "POST /user/register HTTP/1.1 200 2.3382746s "Go-http-client/1.1" "
2024-04-11 22:48:30 - ::1 "POST /user/register HTTP/1.1 200 2.3166794s "Go-http-client/1.1" "
2024-04-11 22:48:30 - ::1 "POST /user/register HTTP/1.1 200 2.30497s "Go-http-client/1.1" "
2024-04-11 22:48:30 - ::1 "POST /user/register HTTP/1.1 200 2.3102288s "Go-http-client/1.1" "
2024-04-11 22:48:30 - ::1 "POST /user/register HTTP/1.1 200 2.3444616s "Go-http-client/1.1" "
2024-04-11 22:48:30 - ::1 "POST /user/register HTTP/1.1 200 2.3549048s "Go-http-client/1.1" "
2024-04-11 22:48:30 - ::1 "POST /user/register HTTP/1.1 200 2.3827445s "Go-http-client/1.1" "
2024-04-11 22:48:30 - ::1 "POST /user/register HTTP/1.1 200 2.4125453s "Go-http-client/1.1" "
2024-04-11 22:48:30 - ::1 "POST /user/register HTTP/1.1 200 2.4080598s "Go-http-client/1.1" "
2024-04-11 22:48:30 - ::1 "POST /user/register HTTP/1.1 200 2.4242866s "Go-http-client/1.1" "
2024-04-11 22:48:30 - ::1 "POST /user/register HTTP/1.1 200 2.428592s "Go-http-client/1.1" "
2024-04-11 22:48:30 - ::1 "POST /user/register HTTP/1.1 200 2.4604025s "Go-http-client/1.1" "
2024-04-11 22:48:30 - ::1 "POST /user/register HTTP/1.1 200 2.5220466s "Go-http-client/1.1" "
2024-04-11 22:48:30 - ::1 "POST /user/register HTTP/1.1 200 2.5536425s "Go-http-client/1.1" "
2024-04-11 22:48:30 - ::1 "POST /user/register HTTP/1.1 200 2.6132668s "Go-http-client/1.1" "
2024-04-11 22:48:30 - ::1 "POST /user/register HTTP/1.1 200 2.6843128s "Go-http-client/1.1" "
2024-04-11 22:48:30 - ::1 "POST /user/register HTTP/1.1 200 210.0047ms "Go-http-client/1.1" "
2024-04-11 22:48:30 - ::1 "POST /user/register HTTP/1.1 200 235.2306ms "Go-http-client/1.1" "
2024-04-11 22:48:30 - ::1 "POST /user/register HTTP/1.1 200 2.7393531s "Go-http-client/1.1" "
2024-04-11 22:48:30 - ::1 "POST /user/register HTTP/1.1 200 2.7795737s "Go-http-client/1.1" "
2024-04-11 22:48:31 - ::1 "POST /user/register HTTP/1.1 200 2.8546142s "Go-http-client/1.1" "
2024-04-11 22:48:31 - ::1 "POST /user/register HTTP/1.1 200 2.9203429s "Go-http-client/1.1" "
2024-04-11 22:48:31 - ::1 "POST /user/register HTTP/1.1 200 3.0297375s "Go-http-client/1.1" "
2024-04-11 22:48:31 - ::1 "POST /user/register HTTP/1.1 200 3.129692s "Go-http-client/1.1" "
2024-04-11 22:48:31 - ::1 "POST /user/register HTTP/1.1 200 3.2580691s "Go-http-client/1.1" "
2024-04-11 22:48:31 - ::1 "POST /user/register HTTP/1.1 200 3.4237013s "Go-http-client/1.1" "
2024-04-11 22:48:31 - ::1 "POST /user/register HTTP/1.1 200 3.5466993s "Go-http-client/1.1" "
2024-04-11 22:48:31 - ::1 "POST /user/register HTTP/1.1 200 3.6716095s "Go-http-client/1.1" "
2024-04-11 22:48:31 - ::1 "POST /user/register HTTP/1.1 200 3.7796878s "Go-http-client/1.1" "
2024-04-11 22:48:32 - ::1 "POST /user/register HTTP/1.1 200 3.8913198s "Go-http-client/1.1" "
2024-04-11 22:48:32 - ::1 "POST /user/register HTTP/1.1 200 3.9970596s "Go-http-client/1.1" "
2024-04-11 22:48:32 - ::1 "POST /user/register HTTP/1.1 200 4.0960551s "Go-http-client/1.1" "
2024-04-11 22:48:32 - ::1 "POST /user/register HTTP/1.1 200 4.1903614s "Go-http-client/1.1" "
2024-04-11 22:48:32 - ::1 "POST /user/register HTTP/1.1 200 4.3710073s "Go-http-client/1.1" "
2024-04-11 22:48:32 - ::1 "POST /user/register HTTP/1.1 200 4.533853s "Go-http-client/1.1" "
2024-04-11 22:48:32 - ::1 "POST /user/register HTTP/1.1 200 4.6727634s "Go-http-client/1.1" "
2024-04-11 22:48:32 - ::1 "POST /user/register HTTP/1.1 200 4.76619s "Go-http-client/1.1" "
2024-04-11 22:48:32 - ::1 "POST /user/register HTTP/1.1 200 264.1694ms "Go-http-client/1.1" "
2024-04-11 22:48:32 - ::1 "POST /user/register HTTP/1.1 200 268.1382ms "Go-http-client/1.1" "
2024-04-11 22:48:33 - ::1 "POST /user/register HTTP/1.1 200 517.3394ms "Go-http-client/1.1" "
2024-04-11 22:48:33 - ::1 "POST /user/register HTTP/1.1 200 520.5141ms "Go-http-client/1.1" "
2024-04-11 22:48:33 - ::1 "POST /user/register HTTP/1.1 200 381.5057ms "Go-http-client/1.1" "
2024-04-11 22:48:33 - ::1 "POST /user/register HTTP/1.1 200 4.9139634s "Go-http-client/1.1" "
2024-04-11 22:48:33 - ::1 "POST /user/register HTTP/1.1 200 5.1006396s "Go-http-client/1.1" "
2024-04-11 22:48:33 - ::1 "POST /user/register HTTP/1.1 200 567.4177ms "Go-http-client/1.1" "
2024-04-11 22:48:33 - ::1 "POST /user/register HTTP/1.1 200 570.7406ms "Go-http-client/1.1" "
2024-04-11 22:48:33 - ::1 "POST /user/register HTTP/1.1 200 571.5316ms "Go-http-client/1.1" "
2024-04-11 22:48:33 - ::1 "POST /user/register HTTP/1.1 200 575.723ms "Go-http-client/1.1" "
2024-04-11 22:48:33 - ::1 "POST /user/register HTTP/1.1 200 572.7569ms "Go-http-client/1.1" "
2024-04-11 22:48:33 - ::1 "POST /user/register HTTP/1.1 200 5.3243846s "Go-http-client/1.1" "
2024-04-11 22:48:33 - ::1 "POST /user/register HTTP/1.1 200 5.5045214s "Go-http-client/1.1" "
2024-04-11 22:48:33 - ::1 "POST /user/register HTTP/1.1 200 5.6889725s "Go-http-client/1.1" "
2024-04-11 22:48:33 - ::1 "POST /user/register HTTP/1.1 200 5.7735809s "Go-http-client/1.1" "
2024-04-11 22:48:34 - ::1 "POST /user/register HTTP/1.1 200 3.9662105s "Go-http-client/1.1" "
2024-04-11 22:48:34 - ::1 "POST /user/register HTTP/1.1 200 345.4946ms "Go-http-client/1.1" "
2024-04-11 22:48:34 - ::1 "POST /user/register HTTP/1.1 200 5.8675816s "Go-http-client/1.1" "
2024-04-11 22:48:34 - ::1 "POST /user/register HTTP/1.1 200 353.551ms "Go-http-client/1.1" "
2024-04-11 22:48:34 - ::1 "POST /user/register HTTP/1.1 200 424.607ms "Go-http-client/1.1" "
2024-04-11 22:48:34 - ::1 "POST /user/register HTTP/1.1 200 6.0399429s "Go-http-client/1.1" "
2024-04-11 22:48:34 - ::1 "POST /user/register HTTP/1.1 200 522.4354ms "Go-http-client/1.1" "
2024-04-11 22:48:34 - ::1 "POST /user/register HTTP/1.1 200 582.4145ms "Go-http-client/1.1" "
2024-04-11 22:48:34 - ::1 "POST /user/register HTTP/1.1 200 584.9037ms "Go-http-client/1.1" "
2024-04-11 22:48:34 - ::1 "POST /user/register HTTP/1.1 200 641.2726ms "Go-http-client/1.1" "
2024-04-11 22:48:34 - ::1 "POST /user/register HTTP/1.1 200 6.1609415s "Go-http-client/1.1" "
2024-04-11 22:48:34 - ::1 "POST /user/register HTTP/1.1 200 6.2474489s "Go-http-client/1.1" "
2024-04-11 22:48:34 - ::1 "POST /user/register HTTP/1.1 200 6.2870257s "Go-http-client/1.1" "
2024-04-11 22:48:34 - ::1 "POST /user/register HTTP/1.1 200 6.3277694s "Go-http-client/1.1" "
2024-04-11 22:48:34 - ::1 "POST /user/register HTTP/1.1 200 6.3460759s "Go-http-client/1.1" "
2024-04-11 22:48:34 - ::1 "POST /user/register HTTP/1.1 200 6.4540473s "Go-http-client/1.1" "
2024-04-11 22:48:34 - ::1 "POST /user/register HTTP/1.1 200 743.0197ms "Go-http-client/1.1" "
2024-04-11 22:48:34 - ::1 "POST /user/register HTTP/1.1 200 932.1629ms "Go-http-client/1.1" "
2024-04-11 22:48:34 - ::1 "POST /user/register HTTP/1.1 200 586.7875ms "Go-http-client/1.1" "
2024-04-11 22:48:34 - ::1 "POST /user/register HTTP/1.1 200 6.4567313s "Go-http-client/1.1" "
2024-04-11 22:48:34 - ::1 "POST /user/register HTTP/1.1 200 853.1389ms "Go-http-client/1.1" "
2024-04-11 22:48:34 - ::1 "POST /user/register HTTP/1.1 200 592.6755ms "Go-http-client/1.1" "
2024-04-11 22:48:34 - ::1 "POST /user/register HTTP/1.1 200 1.062014s "Go-http-client/1.1" "
2024-04-11 22:48:34 - ::1 "POST /user/register HTTP/1.1 200 6.5892184s "Go-http-client/1.1" "
2024-04-11 22:48:34 - ::1 "POST /user/register HTTP/1.1 200 754.8894ms "Go-http-client/1.1" "
2024-04-11 22:48:34 - ::1 "POST /user/register HTTP/1.1 200 889.11ms "Go-http-client/1.1" "
2024-04-11 22:48:34 - ::1 "POST /user/register HTTP/1.1 200 797.6084ms "Go-http-client/1.1" "
2024-04-11 22:48:34 - ::1 "POST /user/register HTTP/1.1 200 1.0566195s "Go-http-client/1.1" "
2024-04-11 22:48:34 - ::1 "POST /user/register HTTP/1.1 200 972.3148ms "Go-http-client/1.1" "
2024-04-11 22:48:34 - ::1 "POST /user/register HTTP/1.1 200 883.354ms "Go-http-client/1.1" "
2024-04-11 22:48:35 - ::1 "POST /user/register HTTP/1.1 200 963.389ms "Go-http-client/1.1" "
2024-04-11 22:48:35 - ::1 "POST /user/register HTTP/1.1 200 1.0543185s "Go-http-client/1.1" "
2024-04-11 22:48:35 - ::1 "POST /user/register HTTP/1.1 200 1.1324145s "Go-http-client/1.1" "
2024-04-11 22:48:35 - ::1 "POST /user/register HTTP/1.1 200 1.2288361s "Go-http-client/1.1" "
2024-04-11 22:48:35 - ::1 "POST /user/register HTTP/1.1 200 1.4905284s "Go-http-client/1.1" "
2024-04-11 22:48:35 - ::1 "POST /user/register HTTP/1.1 200 1.4057327s "Go-http-client/1.1" "
2024-04-11 22:48:35 - ::1 "POST /user/register HTTP/1.1 200 1.5008217s "Go-http-client/1.1" "
2024-04-11 22:48:35 - ::1 "POST /user/register HTTP/1.1 200 1.3372895s "Go-http-client/1.1" "
2024-04-11 22:48:35 - ::1 "POST /user/register HTTP/1.1 200 1.5554694s "Go-http-client/1.1" "
2024-04-11 22:48:35 - ::1 "POST /user/register HTTP/1.1 200 1.5573207s "Go-http-client/1.1" "
2024-04-11 22:48:35 - ::1 "POST /user/register HTTP/1.1 200 1.7416297s "Go-http-client/1.1" "
2024-04-11 22:48:35 - ::1 "POST /user/register HTTP/1.1 200 1.6385456s "Go-http-client/1.1" "
2024-04-11 22:48:35 - ::1 "POST /user/register HTTP/1.1 200 1.6379068s "Go-http-client/1.1" "
2024-04-11 22:48:35 - ::1 "POST /user/register HTTP/1.1 200 1.5999474s "Go-http-client/1.1" "
2024-04-11 22:48:35 - ::1 "POST /user/register HTTP/1.1 200 1.5496658s "Go-http-client/1.1" "
2024-04-11 22:48:35 - ::1 "POST /user/register HTTP/1.1 200 1.5198688s "Go-http-client/1.1" "
2024-04-11 22:48:35 - ::1 "POST /user/register HTTP/1.1 200 1.6048481s "Go-http-client/1.1" "
2024-04-11 22:48:35 - ::1 "POST /user/register HTTP/1.1 200 1.9267642s "Go-http-client/1.1" "
2024-04-11 22:48:35 - ::1 "POST /user/register HTTP/1.1 200 1.4808892s "Go-http-client/1.1" "
2024-04-11 22:48:36 - ::1 "POST /user/register HTTP/1.1 200 2.1017545s "Go-http-client/1.1" "
2024-04-11 22:48:36 - ::1 "POST /user/register HTTP/1.1 200 2.015668s "Go-http-client/1.1" "
2024-04-11 22:48:36 - ::1 "POST /user/register HTTP/1.1 200 1.7275911s "Go-http-client/1.1" "
2024-04-11 22:48:36 - ::1 "POST /user/register HTTP/1.1 200 2.2721859s "Go-http-client/1.1" "
2024-04-11 22:48:36 - ::1 "POST /user/register HTTP/1.1 200 2.0266076s "Go-http-client/1.1" "
2024-04-11 22:48:36 - ::1 "POST /user/register HTTP/1.1 200 2.1204655s "Go-http-client/1.1" "
2024-04-11 22:48:36 - ::1 "POST /user/register HTTP/1.1 200 2.1633103s "Go-http-client/1.1" "
2024-04-11 22:48:36 - ::1 "POST /user/register HTTP/1.1 200 2.1308251s "Go-http-client/1.1" "
2024-04-11 22:48:36 - ::1 "POST /user/register HTTP/1.1 200 2.127556s "Go-http-client/1.1" "
2024-04-11 22:48:36 - ::1 "POST /user/register HTTP/1.1 200 2.1296307s "Go-http-client/1.1" "
2024-04-11 22:48:36 - ::1 "POST /user/register HTTP/1.1 200 2.251793s "Go-http-client/1.1" "
2024-04-11 22:48:36 - ::1 "POST /user/register HTTP/1.1 200 2.5477481s "Go-http-client/1.1" "
2024-04-11 22:48:36 - ::1 "POST /user/register HTTP/1.1 200 2.5843121s "Go-http-client/1.1" "
2024-04-11 22:48:36 - ::1 "POST /user/register HTTP/1.1 200 2.2614635s "Go-http-client/1.1" "
2024-04-11 22:48:36 - ::1 "POST /user/register HTTP/1.1 200 2.5510553s "Go-http-client/1.1" "
2024-04-11 22:48:36 - ::1 "POST /user/register HTTP/1.1 200 3.0233761s "Go-http-client/1.1" "
2024-04-11 22:48:36 - ::1 "POST /user/register HTTP/1.1 200 2.6452775s "Go-http-client/1.1" "
2024-04-11 22:48:36 - ::1 "POST /user/register HTTP/1.1 200 2.481622s "Go-http-client/1.1" "
2024-04-11 22:48:36 - ::1 "POST /user/register HTTP/1.1 200 2.7719717s "Go-http-client/1.1" "
2024-04-11 22:48:36 - ::1 "POST /user/register HTTP/1.1 200 2.9406786s "Go-http-client/1.1" "
2024-04-11 22:48:37 - ::1 "POST /user/register HTTP/1.1 200 3.087794s "Go-http-client/1.1" "
2024-04-11 22:48:37 - ::1 "POST /user/register HTTP/1.1 200 2.9188763s "Go-http-client/1.1" "
2024-04-11 22:48:37 - ::1 "POST /user/register HTTP/1.1 200 3.1475487s "Go-http-client/1.1" "
2024-04-11 22:48:37 - ::1 "POST /user/register HTTP/1.1 200 3.1602425s "Go-http-client/1.1" "
2024-04-11 22:48:37 - ::1 "POST /user/register HTTP/1.1 200 3.2372448s "Go-http-client/1.1" "
2024-04-11 22:48:37 - ::1 "POST /user/register HTTP/1.1 200 3.0708677s "Go-http-client/1.1" "
2024-04-11 22:48:37 - ::1 "POST /user/register HTTP/1.1 200 2.8491311s "Go-http-client/1.1" "
2024-04-11 22:48:37 - ::1 "POST /user/register HTTP/1.1 200 2.858352s "Go-http-client/1.1" "
2024-04-11 22:48:37 - ::1 "POST /user/register HTTP/1.1 200 3.2446132s "Go-http-client/1.1" "
2024-04-11 22:48:37 - ::1 "POST /user/register HTTP/1.1 200 3.3568142s "Go-http-client/1.1" "
2024-04-11 22:48:37 - ::1 "POST /user/register HTTP/1.1 200 3.2695527s "Go-http-client/1.1" "
2024-04-11 22:48:37 - ::1 "POST /user/register HTTP/1.1 200 2.9822942s "Go-http-client/1.1" "
2024-04-11 22:48:37 - ::1 "POST /user/register HTTP/1.1 200 3.1495574s "Go-http-client/1.1" "
2024-04-11 22:48:37 - ::1 "POST /user/register HTTP/1.1 200 3.2730947s "Go-http-client/1.1" "
2024-04-11 22:48:37 - ::1 "POST /user/register HTTP/1.1 200 2.9879656s "Go-http-client/1.1" "
2024-04-11 22:48:37 - ::1 "POST /user/register HTTP/1.1 200 3.5004568s "Go-http-client/1.1" "
2024-04-11 22:48:37 - ::1 "POST /user/register HTTP/1.1 200 2.9557084s "Go-http-client/1.1" "
2024-04-11 22:48:37 - ::1 "POST /user/register HTTP/1.1 200 3.4480908s "Go-http-client/1.1" "
2024-04-11 22:48:37 - ::1 "POST /user/register HTTP/1.1 200 3.4729129s "Go-http-client/1.1" "
2024-04-11 22:48:37 - ::1 "POST /user/register HTTP/1.1 200 3.651333s "Go-http-client/1.1" "
2024-04-11 22:48:37 - ::1 "POST /user/register HTTP/1.1 200 3.7861044s "Go-http-client/1.1" "
2024-04-11 22:48:37 - ::1 "POST /user/register HTTP/1.1 200 3.8629985s "Go-http-client/1.1" "
2024-04-11 22:48:37 - ::1 "POST /user/register HTTP/1.1 200 3.4095416s "Go-http-client/1.1" "
2024-04-11 22:48:37 - ::1 "POST /user/register HTTP/1.1 200 3.7000029s "Go-http-client/1.1" "
2024-04-11 22:48:37 - ::1 "POST /user/register HTTP/1.1 200 3.6183925s "Go-http-client/1.1" "
2024-04-11 22:48:37 - ::1 "POST /user/register HTTP/1.1 200 3.4147182s "Go-http-client/1.1" "
2024-04-11 22:48:37 - ::1 "POST /user/register HTTP/1.1 200 3.572958s "Go-http-client/1.1" "
2024-04-11 22:48:37 - ::1 "POST /user/register HTTP/1.1 200 3.7847696s "Go-http-client/1.1" "
2024-04-11 22:48:37 - ::1 "POST /user/register HTTP/1.1 200 4.0440374s "Go-http-client/1.1" "
2024-04-11 22:48:38 - ::1 "POST /user/register HTTP/1.1 200 3.5112562s "Go-http-client/1.1" "
2024-04-11 22:48:38 - ::1 "POST /user/register HTTP/1.1 200 3.7026278s "Go-http-client/1.1" "
2024-04-11 22:48:38 - ::1 "POST /user/register HTTP/1.1 200 3.5351458s "Go-http-client/1.1" "
2024-04-11 22:48:38 - ::1 "POST /user/register HTTP/1.1 200 3.9908357s "Go-http-client/1.1" "
2024-04-11 22:48:38 - ::1 "POST /user/register HTTP/1.1 200 4.0016557s "Go-http-client/1.1" "
2024-04-11 22:48:38 - ::1 "POST /user/register HTTP/1.1 200 4.0113698s "Go-http-client/1.1" "
2024-04-11 22:48:38 - ::1 "POST /user/register HTTP/1.1 200 3.8312601s "Go-http-client/1.1" "
2024-04-11 22:48:38 - ::1 "POST /user/register HTTP/1.1 200 4.1152077s "Go-http-client/1.1" "
2024-04-11 22:48:38 - ::1 "POST /user/register HTTP/1.1 200 3.7153795s "Go-http-client/1.1" "
2024-04-11 22:48:38 - ::1 "POST /user/register HTTP/1.1 200 4.1207393s "Go-http-client/1.1" "
2024-04-11 22:48:38 - ::1 "POST /user/register HTTP/1.1 200 4.1085417s "Go-http-client/1.1" "
2024-04-11 22:48:38 - ::1 "POST /user/register HTTP/1.1 200 4.1176636s "Go-http-client/1.1" "
2024-04-11 22:48:38 - ::1 "POST /user/register HTTP/1.1 200 3.8389752s "Go-http-client/1.1" "
2024-04-11 22:48:38 - ::1 "POST /user/register HTTP/1.1 200 4.3711587s "Go-http-client/1.1" "
2024-04-11 22:48:38 - ::1 "POST /user/register HTTP/1.1 200 3.9399282s "Go-http-client/1.1" "
2024-04-11 22:48:38 - ::1 "POST /user/register HTTP/1.1 200 4.2343897s "Go-http-client/1.1" "
2024-04-11 22:48:38 - ::1 "POST /user/register HTTP/1.1 200 4.4038286s "Go-http-client/1.1" "
2024-04-11 22:48:38 - ::1 "POST /user/register HTTP/1.1 200 4.272467s "Go-http-client/1.1" "
2024-04-11 22:48:38 - ::1 "POST /user/register HTTP/1.1 200 4.2374049s "Go-http-client/1.1" "
2024-04-11 22:48:38 - ::1 "POST /user/register HTTP/1.1 200 4.4015658s "Go-http-client/1.1" "
2024-04-11 22:48:38 - ::1 "POST /user/register HTTP/1.1 200 4.4052808s "Go-http-client/1.1" "
2024-04-11 22:48:38 - ::1 "POST /user/register HTTP/1.1 200 4.3288654s "Go-http-client/1.1" "
2024-04-11 22:48:38 - ::1 "POST /user/register HTTP/1.1 200 4.2353547s "Go-http-client/1.1" "
2024-04-11 22:48:40 - 127.0.0.1 "POST /user/register HTTP/1.1 200 1.4082687s "Go-http-client/1.1" "
2024-04-11 22:48:49 - ::1 "POST /user/register HTTP/1.1 200 971.7946ms "Go-http-client/1.1" "
2024-04-11 22:48:54 - ::1 "POST /user/register HTTP/1.1 200 22.0000654s "Go-http-client/1.1" "
2024-04-11 22:48:54 - 127.0.0.1 "POST /user/register HTTP/1.1 200 76.3275ms "Go-http-client/1.1" "
2024-04-11 22:48:54 - ::1 "POST /user/register HTTP/1.1 200 22.0865919s "Go-http-client/1.1" "
2024-04-11 22:48:55 - ::1 "POST /user/register HTTP/1.1 200 22.3173562s "Go-http-client/1.1" "
2024-04-11 22:48:55 - ::1 "POST /user/register HTTP/1.1 200 171.8189ms "Go-http-client/1.1" "
2024-04-11 22:48:55 - 127.0.0.1 "POST /user/register HTTP/1.1 200 164.9039ms "Go-http-client/1.1" "
2024-04-11 22:48:55 - ::1 "POST /user/register HTTP/1.1 200 22.3365319s "Go-http-client/1.1" "
2024-04-11 22:48:55 - 127.0.0.1 "POST /user/register HTTP/1.1 200 199.3525ms "Go-http-client/1.1" "
2024-04-11 22:48:55 - ::1 "POST /user/register HTTP/1.1 200 22.3611979s "Go-http-client/1.1" "
2024-04-11 22:48:55 - ::1 "POST /user/register HTTP/1.1 200 241.0101ms "Go-http-client/1.1" "
2024-04-11 22:48:55 - ::1 "POST /user/register HTTP/1.1 200 245.0478ms "Go-http-client/1.1" "
2024-04-11 22:48:55 - ::1 "POST /user/register HTTP/1.1 200 22.4262111s "Go-http-client/1.1" "
2024-04-11 22:48:55 - 127.0.0.1 "POST /user/register HTTP/1.1 200 246.6587ms "Go-http-client/1.1" "
2024-04-11 22:48:55 - ::1 "POST /user/register HTTP/1.1 200 21.4259867s "Go-http-client/1.1" "
2024-04-11 22:48:55 - ::1 "POST /user/register HTTP/1.1 200 270.0193ms "Go-http-client/1.1" "
2024-04-11 22:48:55 - ::1 "POST /user/register HTTP/1.1 200 21.425449s "Go-http-client/1.1" "
2024-04-11 22:48:55 - ::1 "POST /user/register HTTP/1.1 200 21.4276663s "Go-http-client/1.1" "
2024-04-11 22:48:55 - 127.0.0.1 "POST /user/register HTTP/1.1 200 264.0201ms "Go-http-client/1.1" "
2024-04-11 22:48:55 - 127.0.0.1 "POST /user/register HTTP/1.1 200 266.1646ms "Go-http-client/1.1" "
2024-04-11 22:48:55 - ::1 "POST /user/register HTTP/1.1 200 22.428851s "Go-http-client/1.1" "
2024-04-11 22:48:55 - ::1 "POST /user/register HTTP/1.1 200 22.4273865s "Go-http-client/1.1" "
2024-04-11 22:48:55 - ::1 "POST /user/register HTTP/1.1 200 21.4480198s "Go-http-client/1.1" "
2024-04-11 22:48:55 - ::1 "POST /user/register HTTP/1.1 200 21.4490991s "Go-http-client/1.1" "
2024-04-11 22:48:55 - 127.0.0.1 "POST /user/register HTTP/1.1 200 267.1065ms "Go-http-client/1.1" "
2024-04-11 22:48:55 - ::1 "POST /user/register HTTP/1.1 200 22.4661541s "Go-http-client/1.1" "
2024-04-11 22:48:55 - ::1 "POST /user/register HTTP/1.1 200 21.4694509s "Go-http-client/1.1" "
2024-04-11 22:48:55 - 127.0.0.1 "POST /user/register HTTP/1.1 200 269.7881ms "Go-http-client/1.1" "
2024-04-11 22:48:55 - 127.0.0.1 "POST /user/register HTTP/1.1 200 312.4753ms "Go-http-client/1.1" "
2024-04-11 22:48:55 - ::1 "POST /user/register HTTP/1.1 200 21.4728512s "Go-http-client/1.1" "
2024-04-11 22:48:55 - ::1 "POST /user/register HTTP/1.1 200 319.8143ms "Go-http-client/1.1" "
2024-04-11 22:48:55 - ::1 "POST /user/register HTTP/1.1 200 22.6306431s "Go-http-client/1.1" "
2024-04-11 22:48:55 - ::1 "POST /user/register HTTP/1.1 200 22.4747206s "Go-http-client/1.1" "
2024-04-11 22:48:55 - ::1 "POST /user/register HTTP/1.1 200 314.9595ms "Go-http-client/1.1" "
2024-04-11 22:48:55 - 127.0.0.1 "POST /user/register HTTP/1.1 200 322.7456ms "Go-http-client/1.1" "
2024-04-11 22:48:55 - ::1 "POST /user/register HTTP/1.1 200 22.5029003s "Go-http-client/1.1" "
2024-04-11 22:48:55 - ::1 "POST /user/register HTTP/1.1 200 331.82ms "Go-http-client/1.1" "
2024-04-11 22:48:55 - ::1 "POST /user/register HTTP/1.1 200 22.5028559s "Go-http-client/1.1" "
2024-04-11 22:48:55 - ::1 "POST /user/register HTTP/1.1 200 354.0358ms "Go-http-client/1.1" "
2024-04-11 22:48:55 - ::1 "POST /user/register HTTP/1.1 200 22.5149268s "Go-http-client/1.1" "
2024-04-11 22:48:55 - 127.0.0.1 "POST /user/register HTTP/1.1 200 332.6819ms "Go-http-client/1.1" "
2024-04-11 22:48:55 - 127.0.0.1 "POST /user/register HTTP/1.1 200 324.6624ms "Go-http-client/1.1" "
2024-04-11 22:48:55 - ::1 "POST /user/register HTTP/1.1 200 22.5155962s "Go-http-client/1.1" "
2024-04-11 22:48:55 - ::1 "POST /user/register HTTP/1.1 200 335.8896ms "Go-http-client/1.1" "
2024-04-11 22:48:55 - ::1 "POST /user/register HTTP/1.1 200 358.1499ms "Go-http-client/1.1" "
2024-04-11 22:48:55 - ::1 "POST /user/register HTTP/1.1 200 354.9969ms "Go-http-client/1.1" "
2024-04-11 22:48:55 - 127.0.0.1 "POST /user/register HTTP/1.1 200 372.4505ms "Go-http-client/1.1" "
2024-04-11 22:48:55 - 127.0.0.1 "POST /user/register HTTP/1.1 200 366.3069ms "Go-http-client/1.1" "
2024-04-11 22:48:55 - ::1 "POST /user/register HTTP/1.1 200 347.7944ms "Go-http-client/1.1" "
2024-04-11 22:48:55 - ::1 "POST /user/register HTTP/1.1 200 376.8426ms "Go-http-client/1.1" "
2024-04-11 22:48:55 - ::1 "POST /user/register HTTP/1.1 200 22.3018015s "Go-http-client/1.1" "
2024-04-11 22:48:55 - 127.0.0.1 "POST /user/register HTTP/1.1 200 358.369ms "Go-http-client/1.1" "
2024-04-11 22:48:55 - ::1 "POST /user/register HTTP/1.1 200 21.5354101s "Go-http-client/1.1" "
2024-04-11 22:48:55 - ::1 "POST /user/register HTTP/1.1 200 356.1782ms "Go-http-client/1.1" "
2024-04-11 22:48:55 - ::1 "POST /user/register HTTP/1.1 200 367.3184ms "Go-http-client/1.1" "
2024-04-11 22:48:55 - 127.0.0.1 "POST /user/register HTTP/1.1 200 357.2739ms "Go-http-client/1.1" "
2024-04-11 22:48:55 - ::1 "POST /user/register HTTP/1.1 200 22.5252028s "Go-http-client/1.1" "
2024-04-11 22:48:55 - 127.0.0.1 "POST /user/register HTTP/1.1 200 368.2229ms "Go-http-client/1.1" "
2024-04-11 22:48:55 - ::1 "POST /user/register HTTP/1.1 200 21.5364141s "Go-http-client/1.1" "
2024-04-11 22:48:55 - ::1 "POST /user/register HTTP/1.1 200 22.5412344s "Go-http-client/1.1" "
2024-04-11 22:48:55 - ::1 "POST /user/register HTTP/1.1 200 369.3183ms "Go-http-client/1.1" "
2024-04-11 22:48:55 - 127.0.0.1 "POST /user/register HTTP/1.1 200 374.5736ms "Go-http-client/1.1" "
2024-04-11 22:48:55 - ::1 "POST /user/register HTTP/1.1 200 387.6848ms "Go-http-client/1.1" "
2024-04-11 22:48:55 - ::1 "POST /user/register HTTP/1.1 200 21.5432177s "Go-http-client/1.1" "
2024-04-11 22:48:55 - ::1 "POST /user/register HTTP/1.1 200 22.5592876s "Go-http-client/1.1" "
2024-04-11 22:48:55 - ::1 "POST /user/register HTTP/1.1 200 22.5552272s "Go-http-client/1.1" "
2024-04-11 22:48:55 - ::1 "POST /user/register HTTP/1.1 200 21.5549466s "Go-http-client/1.1" "
2024-04-11 22:48:55 - 127.0.0.1 "POST /user/register HTTP/1.1 200 376.7687ms "Go-http-client/1.1" "
2024-04-11 22:48:55 - ::1 "POST /user/register HTTP/1.1 200 21.5539308s "Go-http-client/1.1" "
2024-04-11 22:48:55 - ::1 "POST /user/register HTTP/1.1 200 375.3802ms "Go-http-client/1.1" "
2024-04-11 22:48:55 - ::1 "POST /user/register HTTP/1.1 200 22.5644947s "Go-http-client/1.1" "
2024-04-11 22:48:55 - ::1 "POST /user/register HTTP/1.1 200 21.5569927s "Go-http-client/1.1" "
2024-04-11 22:48:55 - ::1 "POST /user/register HTTP/1.1 200 21.5688396s "Go-http-client/1.1" "
2024-04-11 22:48:55 - ::1 "POST /user/register HTTP/1.1 200 22.7178581s "Go-http-client/1.1" "
2024-04-11 22:48:55 - 127.0.0.1 "POST /user/register HTTP/1.1 200 412.0746ms "Go-http-client/1.1" "
2024-04-11 22:48:55 - 127.0.0.1 "POST /user/register HTTP/1.1 200 391.4924ms "Go-http-client/1.1" "
2024-04-11 22:48:55 - 127.0.0.1 "POST /user/register HTTP/1.1 200 404.8854ms "Go-http-client/1.1" "
2024-04-11 22:48:55 - ::1 "POST /user/register HTTP/1.1 200 22.5660866s "Go-http-client/1.1" "
2024-04-11 22:48:55 - 127.0.0.1 "POST /user/register HTTP/1.1 200 409.1204ms "Go-http-client/1.1" "
2024-04-11 22:48:55 - 127.0.0.1 "POST /user/register HTTP/1.1 200 399.4126ms "Go-http-client/1.1" "
2024-04-11 22:48:55 - ::1 "POST /user/register HTTP/1.1 200 396.6719ms "Go-http-client/1.1" "
2024-04-11 22:48:55 - ::1 "POST /user/register HTTP/1.1 200 22.5821325s "Go-http-client/1.1" "
2024-04-11 22:48:55 - ::1 "POST /user/register HTTP/1.1 200 22.4124707s "Go-http-client/1.1" "
2024-04-11 22:48:55 - 127.0.0.1 "POST /user/register HTTP/1.1 200 417.4424ms "Go-http-client/1.1" "
2024-04-11 22:48:55 - 127.0.0.1 "POST /user/register HTTP/1.1 200 398.3549ms "Go-http-client/1.1" "
2024-04-11 22:48:55 - 127.0.0.1 "POST /user/register HTTP/1.1 200 409.9302ms "Go-http-client/1.1" "
2024-04-11 22:48:55 - 127.0.0.1 "POST /user/register HTTP/1.1 200 401.2075ms "Go-http-client/1.1" "
2024-04-11 22:48:55 - ::1 "POST /user/register HTTP/1.1 200 404.391ms "Go-http-client/1.1" "
2024-04-11 22:48:55 - 127.0.0.1 "POST /user/register HTTP/1.1 200 413.6452ms "Go-http-client/1.1" "
2024-04-11 22:48:55 - ::1 "POST /user/register HTTP/1.1 200 21.5890615s "Go-http-client/1.1" "
2024-04-11 22:48:55 - 127.0.0.1 "POST /user/register HTTP/1.1 200 412.8349ms "Go-http-client/1.1" "
2024-04-11 22:48:55 - 127.0.0.1 "POST /user/register HTTP/1.1 200 406.262ms "Go-http-client/1.1" "
2024-04-11 22:48:55 - 127.0.0.1 "POST /user/register HTTP/1.1 200 406.262ms "Go-http-client/1.1" "
2024-04-11 22:48:55 - ::1 "POST /user/register HTTP/1.1 200 21.5911367s "Go-http-client/1.1" "
2024-04-11 22:48:55 - 127.0.0.1 "POST /user/register HTTP/1.1 200 414.9035ms "Go-http-client/1.1" "
2024-04-11 22:48:55 - ::1 "POST /user/register HTTP/1.1 200 22.5883306s "Go-http-client/1.1" "
2024-04-11 22:48:55 - 127.0.0.1 "POST /user/register HTTP/1.1 200 413.6978ms "Go-http-client/1.1" "
2024-04-11 22:48:55 - 127.0.0.1 "POST /user/register HTTP/1.1 200 416.6196ms "Go-http-client/1.1" "
2024-04-11 22:48:55 - ::1 "POST /user/register HTTP/1.1 200 22.593895s "Go-http-client/1.1" "
2024-04-11 22:48:55 - ::1 "POST /user/register HTTP/1.1 200 22.6095735s "Go-http-client/1.1" "
2024-04-11 22:48:55 - ::1 "POST /user/register HTTP/1.1 200 22.377754s "Go-http-client/1.1" "
2024-04-11 22:48:55 - 127.0.0.1 "POST /user/register HTTP/1.1 200 433.6118ms "Go-http-client/1.1" "
2024-04-11 22:48:55 - ::1 "POST /user/register HTTP/1.1 200 22.6191208s "Go-http-client/1.1" "
2024-04-11 22:48:55 - 127.0.0.1 "POST /user/register HTTP/1.1 200 440.9814ms "Go-http-client/1.1" "
2024-04-11 22:48:55 - ::1 "POST /user/register HTTP/1.1 200 22.6214212s "Go-http-client/1.1" "
2024-04-11 22:48:55 - 127.0.0.1 "POST /user/register HTTP/1.1 200 444.1875ms "Go-http-client/1.1" "
2024-04-11 22:48:55 - ::1 "POST /user/register HTTP/1.1 200 435.9701ms "Go-http-client/1.1" "
2024-04-11 22:48:55 - ::1 "POST /user/register HTTP/1.1 200 444.6003ms "Go-http-client/1.1" "
2024-04-11 22:48:55 - ::1 "POST /user/register HTTP/1.1 200 440.2465ms "Go-http-client/1.1" "
2024-04-11 22:48:55 - ::1 "POST /user/register HTTP/1.1 200 21.5239483s "Go-http-client/1.1" "
2024-04-11 22:48:55 - ::1 "POST /user/register HTTP/1.1 200 21.6251397s "Go-http-client/1.1" "
2024-04-11 22:48:55 - 127.0.0.1 "POST /user/register HTTP/1.1 200 453.0784ms "Go-http-client/1.1" "
2024-04-11 22:48:55 - ::1 "POST /user/register HTTP/1.1 200 476.0866ms "Go-http-client/1.1" "
2024-04-11 22:48:55 - 127.0.0.1 "POST /user/register HTTP/1.1 200 454.2964ms "Go-http-client/1.1" "
2024-04-11 22:48:55 - 127.0.0.1 "POST /user/register HTTP/1.1 200 456.5106ms "Go-http-client/1.1" "
2024-04-11 22:48:55 - 127.0.0.1 "POST /user/register HTTP/1.1 200 491.8446ms "Go-http-client/1.1" "
2024-04-11 22:48:55 - ::1 "POST /user/register HTTP/1.1 200 22.6292864s "Go-http-client/1.1" "
2024-04-11 22:48:55 - 127.0.0.1 "POST /user/register HTTP/1.1 200 485.724ms "Go-http-client/1.1" "
2024-04-11 22:48:55 - ::1 "POST /user/register HTTP/1.1 200 478.7064ms "Go-http-client/1.1" "
2024-04-11 22:48:55 - ::1 "POST /user/register HTTP/1.1 200 488.386ms "Go-http-client/1.1" "
2024-04-11 22:48:55 - ::1 "POST /user/register HTTP/1.1 200 21.6533596s "Go-http-client/1.1" "
2024-04-11 22:48:55 - 127.0.0.1 "POST /user/register HTTP/1.1 200 474.5975ms "Go-http-client/1.1" "
2024-04-11 22:48:55 - ::1 "POST /user/register HTTP/1.1 200 22.6467104s "Go-http-client/1.1" "
2024-04-11 22:48:55 - ::1 "POST /user/register HTTP/1.1 200 495.2323ms "Go-http-client/1.1" "
2024-04-11 22:48:55 - 127.0.0.1 "POST /user/register HTTP/1.1 200 480.9797ms "Go-http-client/1.1" "
2024-04-11 22:48:55 - ::1 "POST /user/register HTTP/1.1 200 21.6457593s "Go-http-client/1.1" "
2024-04-11 22:48:55 - ::1 "POST /user/register HTTP/1.1 200 490.7706ms "Go-http-client/1.1" "
2024-04-11 22:48:55 - 127.0.0.1 "POST /user/register HTTP/1.1 200 495.6222ms "Go-http-client/1.1" "
2024-04-11 22:48:55 - ::1 "POST /user/register HTTP/1.1 200 468.5411ms "Go-http-client/1.1" "
2024-04-11 22:48:55 - ::1 "POST /user/register HTTP/1.1 200 22.6711204s "Go-http-client/1.1" "
2024-04-11 22:48:55 - ::1 "POST /user/register HTTP/1.1 200 502.8309ms "Go-http-client/1.1" "
2024-04-11 22:48:55 - 127.0.0.1 "POST /user/register HTTP/1.1 200 503.9053ms "Go-http-client/1.1" "
2024-04-11 22:48:55 - 127.0.0.1 "POST /user/register HTTP/1.1 200 499.5977ms "Go-http-client/1.1" "
2024-04-11 22:48:55 - ::1 "POST /user/register HTTP/1.1 200 22.6618331s "Go-http-client/1.1" "
2024-04-11 22:48:55 - ::1 "POST /user/register HTTP/1.1 200 21.650086s "Go-http-client/1.1" "
2024-04-11 22:48:55 - 127.0.0.1 "POST /user/register HTTP/1.1 200 511.5079ms "Go-http-client/1.1" "
2024-04-11 22:48:55 - 127.0.0.1 "POST /user/register HTTP/1.1 200 515.3214ms "Go-http-client/1.1" "
2024-04-11 22:48:55 - 127.0.0.1 "POST /user/register HTTP/1.1 200 521.3427ms "Go-http-client/1.1" "
2024-04-11 22:48:55 - ::1 "POST /user/register HTTP/1.1 200 516.5284ms "Go-http-client/1.1" "
2024-04-11 22:48:55 - 127.0.0.1 "POST /user/register HTTP/1.1 200 497.2539ms "Go-http-client/1.1" "
2024-04-11 22:48:55 - 127.0.0.1 "POST /user/register HTTP/1.1 200 509.6164ms "Go-http-client/1.1" "
2024-04-11 22:48:55 - 127.0.0.1 "POST /user/register HTTP/1.1 200 490.5702ms "Go-http-client/1.1" "
2024-04-11 22:48:55 - 127.0.0.1 "POST /user/register HTTP/1.1 200 494.501ms "Go-http-client/1.1" "
2024-04-11 22:48:55 - ::1 "POST /user/register HTTP/1.1 200 22.639757s "Go-http-client/1.1" "
2024-04-11 22:48:55 - ::1 "POST /user/register HTTP/1.1 200 502.9728ms "Go-http-client/1.1" "
2024-04-11 22:48:55 - ::1 "POST /user/register HTTP/1.1 200 514.2507ms "Go-http-client/1.1" "
2024-04-11 22:48:55 - 127.0.0.1 "POST /user/register HTTP/1.1 200 485.5031ms "Go-http-client/1.1" "
2024-04-11 22:48:55 - 127.0.0.1 "POST /user/register HTTP/1.1 200 509.4228ms "Go-http-client/1.1" "
2024-04-11 22:48:55 - ::1 "POST /user/register HTTP/1.1 200 22.5339978s "Go-http-client/1.1" "
2024-04-11 22:48:55 - ::1 "POST /user/register HTTP/1.1 200 21.7013973s "Go-http-client/1.1" "
2024-04-11 22:48:55 - ::1 "POST /user/register HTTP/1.1 200 21.703506s "Go-http-client/1.1" "
2024-04-11 22:48:55 - ::1 "POST /user/register HTTP/1.1 200 529.1281ms "Go-http-client/1.1" "
2024-04-11 22:48:55 - ::1 "POST /user/register HTTP/1.1 200 519.8883ms "Go-http-client/1.1" "
2024-04-11 22:48:55 - 127.0.0.1 "POST /user/register HTTP/1.1 200 507.8009ms "Go-http-client/1.1" "
2024-04-11 22:48:55 - ::1 "POST /user/register HTTP/1.1 200 553.3387ms "Go-http-client/1.1" "
2024-04-11 22:48:55 - 127.0.0.1 "POST /user/register HTTP/1.1 200 520.3767ms "Go-http-client/1.1" "
2024-04-11 22:48:55 - ::1 "POST /user/register HTTP/1.1 200 540.7501ms "Go-http-client/1.1" "
2024-04-11 22:48:55 - ::1 "POST /user/register HTTP/1.1 200 541.4481ms "Go-http-client/1.1" "
2024-04-11 22:48:55 - ::1 "POST /user/register HTTP/1.1 200 21.7196902s "Go-http-client/1.1" "
2024-04-11 22:48:55 - 127.0.0.1 "POST /user/register HTTP/1.1 200 536.1379ms "Go-http-client/1.1" "
2024-04-11 22:48:55 - 127.0.0.1 "POST /user/register HTTP/1.1 200 562.1414ms "Go-http-client/1.1" "
2024-04-11 22:48:55 - 127.0.0.1 "POST /user/register HTTP/1.1 200 549.7461ms "Go-http-client/1.1" "
2024-04-11 22:48:55 - 127.0.0.1 "POST /user/register HTTP/1.1 200 550.2776ms "Go-http-client/1.1" "
2024-04-11 22:48:55 - 127.0.0.1 "POST /user/register HTTP/1.1 200 544.1858ms "Go-http-client/1.1" "
2024-04-11 22:48:55 - 127.0.0.1 "POST /user/register HTTP/1.1 200 553.5991ms "Go-http-client/1.1" "
2024-04-11 22:48:55 - 127.0.0.1 "POST /user/register HTTP/1.1 200 554.6698ms "Go-http-client/1.1" "
2024-04-11 22:48:55 - 127.0.0.1 "POST /user/register HTTP/1.1 200 557.4009ms "Go-http-client/1.1" "
2024-04-11 22:48:55 - 127.0.0.1 "POST /user/register HTTP/1.1 200 552.5141ms "Go-http-client/1.1" "
2024-04-11 22:48:55 - ::1 "POST /user/register HTTP/1.1 200 567.5677ms "Go-http-client/1.1" "
2024-04-11 22:48:55 - 127.0.0.1 "POST /user/register HTTP/1.1 200 550.8902ms "Go-http-client/1.1" "
2024-04-11 22:48:55 - 127.0.0.1 "POST /user/register HTTP/1.1 200 564.3362ms "Go-http-client/1.1" "
2024-04-11 22:48:55 - ::1 "POST /user/register HTTP/1.1 200 566.4307ms "Go-http-client/1.1" "
2024-04-11 22:48:55 - ::1 "POST /user/register HTTP/1.1 200 21.7323015s "Go-http-client/1.1" "
2024-04-11 22:48:55 - ::1 "POST /user/register HTTP/1.1 200 22.5740742s "Go-http-client/1.1" "
2024-04-11 22:48:55 - 127.0.0.1 "POST /user/register HTTP/1.1 200 566.8963ms "Go-http-client/1.1" "
2024-04-11 22:48:55 - ::1 "POST /user/register HTTP/1.1 200 549.1514ms "Go-http-client/1.1" "
2024-04-11 22:48:55 - ::1 "POST /user/register HTTP/1.1 200 22.7452447s "Go-http-client/1.1" "
2024-04-11 22:48:55 - ::1 "POST /user/register HTTP/1.1 200 584.0983ms "Go-http-client/1.1" "
2024-04-11 22:48:55 - ::1 "POST /user/register HTTP/1.1 200 548.4656ms "Go-http-client/1.1" "
2024-04-11 22:48:55 - ::1 "POST /user/register HTTP/1.1 200 21.7445656s "Go-http-client/1.1" "
2024-04-11 22:48:55 - ::1 "POST /user/register HTTP/1.1 200 21.7450758s "Go-http-client/1.1" "
2024-04-11 22:48:55 - ::1 "POST /user/register HTTP/1.1 200 21.7348316s "Go-http-client/1.1" "
2024-04-11 22:48:55 - 127.0.0.1 "POST /user/register HTTP/1.1 200 564.8163ms "Go-http-client/1.1" "
2024-04-11 22:48:55 - ::1 "POST /user/register HTTP/1.1 200 21.7462602s "Go-http-client/1.1" "
2024-04-11 22:48:55 - ::1 "POST /user/register HTTP/1.1 200 575.5372ms "Go-http-client/1.1" "
2024-04-11 22:48:55 - ::1 "POST /user/register HTTP/1.1 200 584.2669ms "Go-http-client/1.1" "
2024-04-11 22:48:55 - 127.0.0.1 "POST /user/register HTTP/1.1 200 560.839ms "Go-http-client/1.1" "
2024-04-11 22:48:55 - 127.0.0.1 "POST /user/register HTTP/1.1 200 565.7548ms "Go-http-client/1.1" "
2024-04-11 22:48:55 - ::1 "POST /user/register HTTP/1.1 200 22.7518155s "Go-http-client/1.1" "
2024-04-11 22:48:55 - ::1 "POST /user/register HTTP/1.1 200 21.736834s "Go-http-client/1.1" "
2024-04-11 22:48:55 - ::1 "POST /user/register HTTP/1.1 200 21.7500592s "Go-http-client/1.1" "
2024-04-11 22:48:55 - 127.0.0.1 "POST /user/register HTTP/1.1 200 570.1424ms "Go-http-client/1.1" "
2024-04-11 22:48:55 - ::1 "POST /user/register HTTP/1.1 200 22.7396544s "Go-http-client/1.1" "
2024-04-11 22:48:55 - ::1 "POST /user/register HTTP/1.1 200 573.4936ms "Go-http-client/1.1" "
2024-04-11 22:48:55 - 127.0.0.1 "POST /user/register HTTP/1.1 200 551.4178ms "Go-http-client/1.1" "
2024-04-11 22:48:55 - ::1 "POST /user/register HTTP/1.1 200 21.7529373s "Go-http-client/1.1" "
2024-04-11 22:48:55 - ::1 "POST /user/register HTTP/1.1 200 22.7411663s "Go-http-client/1.1" "
2024-04-11 22:48:55 - ::1 "POST /user/register HTTP/1.1 200 570.9543ms "Go-http-client/1.1" "
2024-04-11 22:48:55 - ::1 "POST /user/register HTTP/1.1 200 593.9299ms "Go-http-client/1.1" "
2024-04-11 22:48:55 - ::1 "POST /user/register HTTP/1.1 200 22.7500936s "Go-http-client/1.1" "
2024-04-11 22:48:55 - ::1 "POST /user/register HTTP/1.1 200 566.9828ms "Go-http-client/1.1" "
2024-04-11 22:48:55 - ::1 "POST /user/register HTTP/1.1 200 22.7539947s "Go-http-client/1.1" "
2024-04-11 22:48:55 - 127.0.0.1 "POST /user/register HTTP/1.1 200 571.5587ms "Go-http-client/1.1" "
2024-04-11 22:48:55 - ::1 "POST /user/register HTTP/1.1 200 22.7590175s "Go-http-client/1.1" "
2024-04-11 22:48:55 - ::1 "POST /user/register HTTP/1.1 200 596.6422ms "Go-http-client/1.1" "
2024-04-11 22:48:55 - ::1 "POST /user/register HTTP/1.1 200 21.7388845s "Go-http-client/1.1" "
2024-04-11 22:48:55 - 127.0.0.1 "POST /user/register HTTP/1.1 200 592.363ms "Go-http-client/1.1" "
2024-04-11 22:48:55 - ::1 "POST /user/register HTTP/1.1 200 22.7476908s "Go-http-client/1.1" "
2024-04-11 22:48:55 - 127.0.0.1 "POST /user/register HTTP/1.1 200 596.8353ms "Go-http-client/1.1" "
2024-04-11 22:48:55 - 127.0.0.1 "POST /user/register HTTP/1.1 200 585.943ms "Go-http-client/1.1" "
2024-04-11 22:48:55 - ::1 "POST /user/register HTTP/1.1 200 603.8871ms "Go-http-client/1.1" "
2024-04-11 22:48:55 - 127.0.0.1 "POST /user/register HTTP/1.1 200 588.6172ms "Go-http-client/1.1" "
2024-04-11 22:48:55 - ::1 "POST /user/register HTTP/1.1 200 589.755ms "Go-http-client/1.1" "
2024-04-11 22:48:55 - 127.0.0.1 "POST /user/register HTTP/1.1 200 588.7189ms "Go-http-client/1.1" "
2024-04-11 22:48:55 - 127.0.0.1 "POST /user/register HTTP/1.1 200 596.0893ms "Go-http-client/1.1" "
2024-04-11 22:48:55 - 127.0.0.1 "POST /user/register HTTP/1.1 200 606.2529ms "Go-http-client/1.1" "
2024-04-11 22:48:55 - ::1 "POST /user/register HTTP/1.1 200 585.8427ms "Go-http-client/1.1" "
2024-04-11 22:48:55 - 127.0.0.1 "POST /user/register HTTP/1.1 200 604.4894ms "Go-http-client/1.1" "
2024-04-11 22:48:55 - 127.0.0.1 "POST /user/register HTTP/1.1 200 597.847ms "Go-http-client/1.1" "
2024-04-11 22:48:55 - 127.0.0.1 "POST /user/register HTTP/1.1 200 616.8585ms "Go-http-client/1.1" "
2024-04-11 22:48:55 - 127.0.0.1 "POST /user/register HTTP/1.1 200 624.305ms "Go-http-client/1.1" "
2024-04-11 22:48:55 - 127.0.0.1 "POST /user/register HTTP/1.1 200 625.8595ms "Go-http-client/1.1" "
2024-04-11 23:15:15 - ::1 "POST /user/register HTTP/1.1 400 0s "Go-http-client/1.1" "
2024-04-11 23:15:15 - ::1 "POST /user/register HTTP/1.1 400 0s "Go-http-client/1.1" "
2024-04-11 23:15:15 - ::1 "POST /user/register HTTP/1.1 400 0s "Go-http-client/1.1" "
2024-04-11 23:15:15 - ::1 "POST /user/register HTTP/1.1 400 0s "Go-http-client/1.1" "
2024-04-11 23:15:15 - ::1 "POST /user/register HTTP/1.1 400 0s "Go-http-client/1.1" "
2024-04-11 23:15:15 - ::1 "POST /user/register HTTP/1.1 400 512.3µs "Go-http-client/1.1" "
2024-04-11 23:15:15 - ::1 "POST /user/register HTTP/1.1 400 0s "Go-http-client/1.1" "
2024-04-11 23:15:15 - ::1 "POST /user/register HTTP/1.1 400 0s "Go-http-client/1.1" "
2024-04-11 23:15:15 - ::1 "POST /user/register HTTP/1.1 400 0s "Go-http-client/1.1" "
2024-04-11 23:15:15 - ::1 "POST /user/register HTTP/1.1 400 106.9µs "Go-http-client/1.1" "
2024-04-11 23:15:30 - ::1 "POST /user/register HTTP/1.1 400 0s "Go-http-client/1.1" "
2024-04-11 23:15:30 - ::1 "POST /user/register HTTP/1.1 400 0s "Go-http-client/1.1" "
2024-04-11 23:15:30 - ::1 "POST /user/register HTTP/1.1 400 0s "Go-http-client/1.1" "
2024-04-11 23:15:30 - ::1 "POST /user/register HTTP/1.1 400 0s "Go-http-client/1.1" "
2024-04-11 23:15:30 - ::1 "POST /user/register HTTP/1.1 400 0s "Go-http-client/1.1" "
2024-04-11 23:15:30 - ::1 "POST /user/register HTTP/1.1 400 0s "Go-http-client/1.1" "
2024-04-11 23:15:30 - ::1 "POST /user/register HTTP/1.1 400 0s "Go-http-client/1.1" "
2024-04-11 23:15:30 - ::1 "POST /user/register HTTP/1.1 400 0s "Go-http-client/1.1" "
2024-04-11 23:15:30 - ::1 "POST /user/register HTTP/1.1 400 0s "Go-http-client/1.1" "
2024-04-11 23:15:30 - ::1 "POST /user/register HTTP/1.1 400 0s "Go-http-client/1.1" "
