2024-04-14 20:31:42 - ::1 "POST /moment/pagelist HTTP/1.1 400 2.8623ms "PostmanRuntime/7.37.3" "
2024-04-14 20:38:24 - ::1 "POST /moment/pagelist HTTP/1.1 400 5.2936ms "PostmanRuntime/7.37.3" "
2024-04-14 20:38:38 - ::1 "POST /moment/pagelist HTTP/1.1 400 4.9561ms "PostmanRuntime/7.37.3" "
2024-04-14 20:38:39 - ::1 "POST /moment/pagelist HTTP/1.1 400 1.7271ms "PostmanRuntime/7.37.3" "
2024-04-14 20:38:50 - ::1 "POST /moment/pagelist HTTP/1.1 400 2.5786ms "PostmanRuntime/7.37.3" "
2024-04-14 20:38:52 - ::1 "POST /moment/pagelist HTTP/1.1 400 3.2439ms "PostmanRuntime/7.37.3" "
2024-04-14 20:39:00 - ::1 "POST /moment/pagelist HTTP/1.1 400 1.5443ms "PostmanRuntime/7.37.3" "
2024-04-14 20:40:06 - ::1 "POST /moment/pagelist HTTP/1.1 400 226.6108ms "PostmanRuntime/7.37.3" "
2024-04-14 20:48:56 - ::1 "POST /moment/pagelist HTTP/1.1 200 4.5321ms "PostmanRuntime/7.37.3" "
2024-04-14 20:56:02 - ::1 "POST /moment/like HTTP/1.1 200 2.055ms "PostmanRuntime/7.37.3" "
2024-04-14 21:01:48 - ::1 "POST /moment/like HTTP/1.1 200 1.4246ms "PostmanRuntime/7.37.3" "
2024-04-14 21:01:51 - ::1 "POST /moment/like HTTP/1.1 200 1.3752ms "PostmanRuntime/7.37.3" "
2024-04-14 21:01:53 - ::1 "POST /moment/like HTTP/1.1 200 2.0585ms "PostmanRuntime/7.37.3" "
2024-04-14 21:01:56 - ::1 "POST /moment/like HTTP/1.1 200 2.0133ms "PostmanRuntime/7.37.3" "
2024-04-14 21:02:33 - ::1 "POST /moment/like HTTP/1.1 200 2.2776ms "PostmanRuntime/7.37.3" "
2024-04-14 21:02:35 - ::1 "POST /moment/like HTTP/1.1 200 884µs "PostmanRuntime/7.37.3" "
2024-04-14 21:03:39 - ::1 "POST /moment/like HTTP/1.1 200 2.2251ms "PostmanRuntime/7.37.3" "
2024-04-14 21:03:49 - ::1 "POST /moment/like HTTP/1.1 200 1.3876ms "PostmanRuntime/7.37.3" "
2024-04-14 21:03:52 - ::1 "POST /moment/like HTTP/1.1 200 975.7µs "PostmanRuntime/7.37.3" "
2024-04-14 21:08:43 - ::1 "POST /moment/unlike HTTP/1.1 200 2.7876ms "PostmanRuntime/7.37.3" "
2024-04-14 21:30:46 - ::1 "POST /moment/unlike HTTP/1.1 400 1.0749ms "PostmanRuntime/7.37.3" "
2024-04-14 21:31:03 - ::1 "POST /moment/like HTTP/1.1 200 3.8193ms "PostmanRuntime/7.37.3" "
2024-04-14 21:31:27 - ::1 "POST /moment/like HTTP/1.1 200 2.0964ms "PostmanRuntime/7.37.3" "
2024-04-14 21:31:34 - ::1 "POST /moment/like HTTP/1.1 200 1.6559ms "PostmanRuntime/7.37.3" "
2024-04-14 21:31:36 - ::1 "POST /moment/like HTTP/1.1 200 3.6734ms "PostmanRuntime/7.37.3" "
2024-04-14 21:31:37 - ::1 "POST /moment/like HTTP/1.1 200 1.6338ms "PostmanRuntime/7.37.3" "
2024-04-14 21:31:38 - ::1 "POST /moment/like HTTP/1.1 200 2.2558ms "PostmanRuntime/7.37.3" "
2024-04-14 21:32:41 - ::1 "POST /moment/like HTTP/1.1 400 2.3046ms "PostmanRuntime/7.37.3" "
2024-04-14 21:32:42 - ::1 "POST /moment/like HTTP/1.1 400 1.0804ms "PostmanRuntime/7.37.3" "
2024-04-14 21:32:43 - ::1 "POST /moment/like HTTP/1.1 400 1.1954ms "PostmanRuntime/7.37.3" "
2024-04-14 21:32:45 - ::1 "POST /moment/like HTTP/1.1 400 669.2µs "PostmanRuntime/7.37.3" "
2024-04-14 21:32:46 - ::1 "POST /moment/like HTTP/1.1 400 1.0805ms "PostmanRuntime/7.37.3" "
2024-04-14 21:32:47 - ::1 "POST /moment/like HTTP/1.1 400 1.6051ms "PostmanRuntime/7.37.3" "
2024-04-14 21:35:26 - ::1 "POST /moment/like HTTP/1.1 200 1.9301ms "PostmanRuntime/7.37.3" "
2024-04-14 21:35:29 - ::1 "POST /moment/like HTTP/1.1 400 1.5109ms "PostmanRuntime/7.37.3" "
2024-04-14 21:36:20 - ::1 "POST /moment/unlike HTTP/1.1 200 3.7469ms "PostmanRuntime/7.37.3" "
2024-04-14 21:38:01 - ::1 "POST /moment/unlike HTTP/1.1 400 3.161ms "PostmanRuntime/7.37.3" "
2024-04-14 21:38:04 - ::1 "POST /moment/unlike HTTP/1.1 400 2.1589ms "PostmanRuntime/7.37.3" "
2024-04-14 21:38:05 - ::1 "POST /moment/unlike HTTP/1.1 400 892.2µs "PostmanRuntime/7.37.3" "
2024-04-14 21:38:10 - ::1 "POST /moment/like HTTP/1.1 200 2.2636ms "PostmanRuntime/7.37.3" "
2024-04-14 21:38:13 - ::1 "POST /moment/like HTTP/1.1 400 510.3µs "PostmanRuntime/7.37.3" "
2024-04-14 21:38:13 - ::1 "POST /moment/like HTTP/1.1 400 1.7375ms "PostmanRuntime/7.37.3" "
2024-04-14 21:38:14 - ::1 "POST /moment/like HTTP/1.1 400 774.4µs "PostmanRuntime/7.37.3" "
2024-04-14 21:38:19 - ::1 "POST /moment/unlike HTTP/1.1 200 2.7796ms "PostmanRuntime/7.37.3" "
2024-04-14 21:44:36 - ::1 "POST /moment/unlike HTTP/1.1 400 1.6187ms "PostmanRuntime/7.37.3" "
2024-04-14 21:44:44 - ::1 "POST /moment/like HTTP/1.1 200 3.1276ms "PostmanRuntime/7.37.3" "
2024-04-14 21:49:33 - ::1 "POST /moment/like HTTP/1.1 400 1.1158ms "PostmanRuntime/7.37.3" "
2024-04-14 21:49:37 - ::1 "POST /moment/like HTTP/1.1 400 237.1µs "PostmanRuntime/7.37.3" "
2024-04-14 21:49:47 - ::1 "POST /moment/like HTTP/1.1 400 1.0173ms "PostmanRuntime/7.37.3" "
2024-04-14 21:49:48 - ::1 "POST /moment/like HTTP/1.1 400 1.9145ms "PostmanRuntime/7.37.3" "
2024-04-14 21:49:54 - ::1 "POST /moment/unlike HTTP/1.1 200 2.9196ms "PostmanRuntime/7.37.3" "
2024-04-14 21:50:00 - ::1 "POST /moment/like HTTP/1.1 200 2.8823ms "PostmanRuntime/7.37.3" "
2024-04-14 21:50:01 - ::1 "POST /moment/like HTTP/1.1 400 1.0273ms "PostmanRuntime/7.37.3" "
2024-04-14 21:50:02 - ::1 "POST /moment/like HTTP/1.1 400 1.5522ms "PostmanRuntime/7.37.3" "
2024-04-14 21:50:03 - ::1 "POST /moment/like HTTP/1.1 400 1.2319ms "PostmanRuntime/7.37.3" "
2024-04-14 21:50:21 - ::1 "POST /moment/like HTTP/1.1 400 1.0074ms "PostmanRuntime/7.37.3" "
2024-04-14 21:50:26 - ::1 "POST /moment/unlike HTTP/1.1 200 2.9617ms "PostmanRuntime/7.37.3" "
2024-04-14 21:50:31 - ::1 "POST /moment/like HTTP/1.1 200 2.4174ms "PostmanRuntime/7.37.3" "
2024-04-14 21:50:33 - ::1 "POST /moment/like HTTP/1.1 400 1.5619ms "PostmanRuntime/7.37.3" "
2024-04-14 21:50:35 - ::1 "POST /moment/like HTTP/1.1 400 2.637ms "PostmanRuntime/7.37.3" "
2024-04-14 21:52:24 - ::1 "POST /moment/like HTTP/1.1 200 2.7088ms "PostmanRuntime/7.37.3" "
2024-04-14 21:55:28 - ::1 "POST /moment/unlike HTTP/1.1 400 1.553ms "PostmanRuntime/7.37.3" "
2024-04-14 21:55:37 - ::1 "POST /moment/like HTTP/1.1 200 2.1982ms "PostmanRuntime/7.37.3" "
2024-04-14 21:55:40 - ::1 "POST /moment/like HTTP/1.1 400 2.4287ms "PostmanRuntime/7.37.3" "
2024-04-14 21:55:41 - ::1 "POST /moment/like HTTP/1.1 400 1.1444ms "PostmanRuntime/7.37.3" "
2024-04-14 21:55:42 - ::1 "POST /moment/like HTTP/1.1 400 763.6µs "PostmanRuntime/7.37.3" "
2024-04-14 21:55:42 - ::1 "POST /moment/like HTTP/1.1 400 1.2178ms "PostmanRuntime/7.37.3" "
2024-04-14 21:55:43 - ::1 "POST /moment/like HTTP/1.1 400 2.2979ms "PostmanRuntime/7.37.3" "
2024-04-14 21:56:07 - ::1 "POST /moment/like HTTP/1.1 200 2.9278ms "PostmanRuntime/7.37.3" "
2024-04-14 21:57:52 - ::1 "POST /moment/pagelist HTTP/1.1 200 77.1133ms "PostmanRuntime/7.37.3" "
2024-04-14 21:58:56 - ::1 "POST /moment/pagelist HTTP/1.1 200 49.4774ms "PostmanRuntime/7.37.3" "
2024-04-14 22:01:38 - ::1 "POST /moment/pagelist HTTP/1.1 200 52.5153ms "PostmanRuntime/7.37.3" "
2024-04-14 22:02:33 - ::1 "POST /moment/pagelist HTTP/1.1 200 49.4187ms "PostmanRuntime/7.37.3" "
2024-04-14 22:04:07 - ::1 "POST /moment/pagelist HTTP/1.1 200 49.5836ms "PostmanRuntime/7.37.3" "
2024-04-14 22:05:02 - ::1 "POST /moment/pagelist HTTP/1.1 200 53.984ms "PostmanRuntime/7.37.3" "
2024-04-14 22:07:35 - ::1 "POST /moment/pagelist HTTP/1.1 200 53.0626ms "PostmanRuntime/7.37.3" "
2024-04-14 22:07:43 - ::1 "POST /moment/pagelist HTTP/1.1 200 58.2104ms "PostmanRuntime/7.37.3" "
2024-04-14 22:09:34 - ::1 "POST /moment/pagelist HTTP/1.1 200 59.3234ms "PostmanRuntime/7.37.3" "
2024-04-14 22:09:55 - ::1 "POST /moment/pagelist HTTP/1.1 200 55.374ms "PostmanRuntime/7.37.3" "
2024-04-14 22:11:17 - ::1 "POST /moment/pagelist HTTP/1.1 200 62.6214ms "PostmanRuntime/7.37.3" "
2024-04-14 22:12:50 - ::1 "POST /moment/pagelist HTTP/1.1 200 60.0804ms "PostmanRuntime/7.37.3" "
2024-04-14 22:15:31 - ::1 "POST /moment/pagelist HTTP/1.1 200 64.2039ms "PostmanRuntime/7.37.3" "
2024-04-14 22:15:40 - ::1 "POST /moment/pagelist HTTP/1.1 200 51.2399ms "PostmanRuntime/7.37.3" "
2024-04-14 22:15:44 - ::1 "POST /moment/pagelist HTTP/1.1 200 47.7818ms "PostmanRuntime/7.37.3" "
2024-04-14 22:17:08 - ::1 "POST /moment/pagelist HTTP/1.1 200 67.1891ms "PostmanRuntime/7.37.3" "
2024-04-14 22:17:40 - ::1 "POST /moment/pagelist HTTP/1.1 200 53.2846ms "PostmanRuntime/7.37.3" "
2024-04-14 22:17:47 - ::1 "POST /moment/pagelist HTTP/1.1 200 52.0997ms "PostmanRuntime/7.37.3" "
2024-04-14 22:19:39 - ::1 "POST /moment/pagelist HTTP/1.1 200 47.0097ms "PostmanRuntime/7.37.3" "
2024-04-14 22:33:35 - ::1 "POST /moment/pagelist HTTP/1.1 200 106.6292ms "PostmanRuntime/7.37.3" "
2024-04-14 22:33:58 - ::1 "POST / HTTP/1.1 404 0s "PostmanRuntime/7.37.3" "
2024-04-14 22:34:12 - ::1 "POST /moment/like HTTP/1.1 400 807.7µs "PostmanRuntime/7.37.3" "
2024-04-14 22:34:14 - ::1 "POST /moment/like HTTP/1.1 400 1.638ms "PostmanRuntime/7.37.3" "
2024-04-14 22:34:14 - ::1 "POST /moment/like HTTP/1.1 400 1.5623ms "PostmanRuntime/7.37.3" "
2024-04-14 22:34:15 - ::1 "POST /moment/like HTTP/1.1 400 1.0864ms "PostmanRuntime/7.37.3" "
2024-04-14 22:34:20 - ::1 "POST /moment/unlike HTTP/1.1 200 2.8001ms "PostmanRuntime/7.37.3" "
2024-04-14 22:34:31 - ::1 "POST /moment/unlike HTTP/1.1 400 815.4µs "PostmanRuntime/7.37.3" "
2024-04-14 22:34:32 - ::1 "POST /moment/unlike HTTP/1.1 400 1.2675ms "PostmanRuntime/7.37.3" "
2024-04-14 22:34:38 - ::1 "POST /moment/like HTTP/1.1 200 2.1477ms "PostmanRuntime/7.37.3" "
2024-04-14 22:34:40 - ::1 "POST /moment/like HTTP/1.1 400 1.287ms "PostmanRuntime/7.37.3" "
2024-04-14 22:34:46 - ::1 "POST /moment/like HTTP/1.1 200 2.063ms "PostmanRuntime/7.37.3" "
2024-04-14 22:34:50 - ::1 "POST /moment/like HTTP/1.1 400 1.1501ms "PostmanRuntime/7.37.3" "
2024-04-14 22:34:55 - ::1 "POST /moment/like HTTP/1.1 400 858.3µs "PostmanRuntime/7.37.3" "
2024-04-14 22:35:00 - ::1 "POST /moment/pagelist HTTP/1.1 200 50.6367ms "PostmanRuntime/7.37.3" "
2024-04-14 22:39:41 - ::1 "POST /moment/pagelist HTTP/1.1 200 67.3874ms "PostmanRuntime/7.37.3" "
2024-04-14 22:45:25 - ::1 "POST /moment/pagelist HTTP/1.1 200 112.6414ms "PostmanRuntime/7.37.3" "
2024-04-14 22:45:26 - ::1 "POST /moment/pagelist HTTP/1.1 200 101.773ms "PostmanRuntime/7.37.3" "
2024-04-14 22:45:31 - ::1 "POST /moment/pagelist HTTP/1.1 200 99.4892ms "PostmanRuntime/7.37.3" "
2024-04-14 22:45:35 - ::1 "POST /moment/pagelist HTTP/1.1 200 106.957ms "PostmanRuntime/7.37.3" "
2024-04-14 22:48:20 - ::1 "POST /moment/pagelist HTTP/1.1 200 113.5958ms "PostmanRuntime/7.37.3" "
2024-04-14 22:52:02 - ::1 "POST /moment/pagelist HTTP/1.1 200 104.4354ms "PostmanRuntime/7.37.3" "
2024-04-14 23:02:46 - ::1 "POST /moment/pagelist HTTP/1.1 200 199.5114ms "PostmanRuntime/7.37.3" "
2024-04-14 23:04:07 - ::1 "POST /user/list HTTP/1.1 200 1.331ms "PostmanRuntime/7.37.3" "
2024-04-14 23:11:25 - ::1 "POST /moment/pagelist HTTP/1.1 200 207.8918ms "PostmanRuntime/7.37.3" "
2024-04-14 23:12:35 - ::1 "POST /moment/pagelist HTTP/1.1 200 205.686ms "PostmanRuntime/7.37.3" "
2024-04-14 23:27:31 - ::1 "POST /user/login HTTP/1.1 200 14.4205ms "Mozilla/5.0 (iPhone; CPU iPhone OS 11_0 like Mac OS X) AppleWebKit/604.1.38 (KHTML, like Gecko) Version/11.0 Mobile/15A372 Safari/604.1 HBuilderX" "
2024-04-14 23:27:31 - ::1 "GET /static/js/bbs-comment-my~bbs-index-index~pages-index-index~pages-user-index.js HTTP/1.1 404 0s "Mozilla/5.0 (iPhone; CPU iPhone OS 11_0 like Mac OS X) AppleWebKit/604.1.38 (KHTML, like Gecko) Version/11.0 Mobile/15A372 Safari/604.1 HBuilderX" "
2024-04-14 23:27:31 - ::1 "GET /static/js/pages-user-index.js HTTP/1.1 404 0s "Mozilla/5.0 (iPhone; CPU iPhone OS 11_0 like Mac OS X) AppleWebKit/604.1.38 (KHTML, like Gecko) Version/11.0 Mobile/15A372 Safari/604.1 HBuilderX" "
2024-04-14 23:27:46 - ::1 "GET / HTTP/1.1 404 0s "Mozilla/5.0 (iPhone; CPU iPhone OS 11_0 like Mac OS X) AppleWebKit/604.1.38 (KHTML, like Gecko) Version/11.0 Mobile/15A372 Safari/604.1 HBuilderX" "
2024-04-14 23:27:47 - ::1 "GET / HTTP/1.1 404 0s "Mozilla/5.0 (iPhone; CPU iPhone OS 11_0 like Mac OS X) AppleWebKit/604.1.38 (KHTML, like Gecko) Version/11.0 Mobile/15A372 Safari/604.1 HBuilderX" "
2024-04-14 23:28:01 - ::1 "GET /sockjs-node/info?t=1713108481559 HTTP/1.1 404 0s "Mozilla/5.0 (Windows NT 10.0; Win64; x64) AppleWebKit/537.36 (KHTML, like Gecko) Chrome/123.0.0.0 Safari/537.36" "
2024-04-14 23:28:01 - 192.168.31.18 "GET /sockjs-node/info?t=1713108481559 HTTP/1.1 404 0s "Mozilla/5.0 (Windows NT 10.0; Win64; x64) AppleWebKit/537.36 (KHTML, like Gecko) Chrome/123.0.0.0 Safari/537.36" "
2024-04-14 23:28:06 - 192.168.31.18 "GET /sockjs-node/info?t=1713108486564 HTTP/1.1 404 0s "Mozilla/5.0 (Windows NT 10.0; Win64; x64) AppleWebKit/537.36 (KHTML, like Gecko) Chrome/123.0.0.0 Safari/537.36" "
2024-04-14 23:28:10 - ::1 "GET /sockjs-node/info?t=1713108490560 HTTP/1.1 404 0s "Mozilla/5.0 (Windows NT 10.0; Win64; x64) AppleWebKit/537.36 (KHTML, like Gecko) Chrome/123.0.0.0 Safari/537.36" "
2024-04-14 23:28:23 - 192.168.31.18 "GET /sockjs-node/info?t=1713108503564 HTTP/1.1 404 0s "Mozilla/5.0 (Windows NT 10.0; Win64; x64) AppleWebKit/537.36 (KHTML, like Gecko) Chrome/123.0.0.0 Safari/537.36" "
2024-04-14 23:28:41 - ::1 "POST /moment/pagelist HTTP/1.1 400 542.1µs "Mozilla/5.0 (Windows NT 6.2; WOW64) AppleWebKit/537.36 (KHTML, like Gecko) Chrome/90.0.4430.212 Safari/537.36 HBuilderX" "
2024-04-14 23:28:42 - ::1 "GET /sockjs-node/info?t=1713108522598 HTTP/1.1 404 0s "Mozilla/5.0 (Windows NT 10.0; Win64; x64) AppleWebKit/537.36 (KHTML, like Gecko) Chrome/123.0.0.0 Safari/537.36" "
2024-04-14 23:29:09 - ::1 "POST /user/login HTTP/1.1 200 6.8711ms "Mozilla/5.0 (Windows NT 6.2; WOW64) AppleWebKit/537.36 (KHTML, like Gecko) Chrome/90.0.4430.212 Safari/537.36 HBuilderX" "
2024-04-14 23:29:11 - ::1 "POST /moment/ranked HTTP/1.1 200 8.2575ms "Mozilla/5.0 (Windows NT 6.2; WOW64) AppleWebKit/537.36 (KHTML, like Gecko) Chrome/90.0.4430.212 Safari/537.36 HBuilderX" "
2024-04-14 23:29:18 - ::1 "POST /moment/ranked HTTP/1.1 200 4.0646ms "Mozilla/5.0 (Windows NT 6.2; WOW64) AppleWebKit/537.36 (KHTML, like Gecko) Chrome/90.0.4430.212 Safari/537.36 HBuilderX" "
2024-04-14 23:29:21 - ::1 "POST /moment/usermoments HTTP/1.1 200 69.196ms "Mozilla/5.0 (Windows NT 6.2; WOW64) AppleWebKit/537.36 (KHTML, like Gecko) Chrome/90.0.4430.212 Safari/537.36 HBuilderX" "
2024-04-14 23:29:23 - ::1 "POST /moment/pagelist HTTP/1.1 200 204.88ms "Mozilla/5.0 (Windows NT 6.2; WOW64) AppleWebKit/537.36 (KHTML, like Gecko) Chrome/90.0.4430.212 Safari/537.36 HBuilderX" "
2024-04-14 23:29:32 - ::1 "POST /moment/pagelist HTTP/1.1 200 211.9614ms "Mozilla/5.0 (Windows NT 6.2; WOW64) AppleWebKit/537.36 (KHTML, like Gecko) Chrome/90.0.4430.212 Safari/537.36 HBuilderX" "
2024-04-14 23:31:11 - ::1 "POST /moment/pagelist HTTP/1.1 400 1.1467ms "Mozilla/5.0 (Windows NT 6.2; WOW64) AppleWebKit/537.36 (KHTML, like Gecko) Chrome/90.0.4430.212 Safari/537.36 HBuilderX" "
2024-04-14 23:31:36 - ::1 "POST /user/login HTTP/1.1 200 10.9933ms "Mozilla/5.0 (Windows NT 6.2; WOW64) AppleWebKit/537.36 (KHTML, like Gecko) Chrome/90.0.4430.212 Safari/537.36 HBuilderX" "
2024-04-14 23:31:38 - ::1 "POST /moment/ranked HTTP/1.1 200 5.9456ms "Mozilla/5.0 (Windows NT 6.2; WOW64) AppleWebKit/537.36 (KHTML, like Gecko) Chrome/90.0.4430.212 Safari/537.36 HBuilderX" "
2024-04-14 23:32:12 - ::1 "POST /moment/ranked HTTP/1.1 200 7.4262ms "Mozilla/5.0 (Windows NT 6.2; WOW64) AppleWebKit/537.36 (KHTML, like Gecko) Chrome/90.0.4430.212 Safari/537.36 HBuilderX" "
2024-04-14 23:32:45 - ::1 "POST /moment/pagelist HTTP/1.1 400 0s "Mozilla/5.0 (iPhone; CPU iPhone OS 11_0 like Mac OS X) AppleWebKit/604.1.38 (KHTML, like Gecko) Version/11.0 Mobile/15A372 Safari/604.1 HBuilderX" "
2024-04-14 23:34:18 - ::1 "POST /moment/pagelist HTTP/1.1 400 0s "Mozilla/5.0 (iPhone; CPU iPhone OS 11_0 like Mac OS X) AppleWebKit/604.1.38 (KHTML, like Gecko) Version/11.0 Mobile/15A372 Safari/604.1 HBuilderX" "
2024-04-14 23:34:19 - ::1 "POST /moment/pagelist HTTP/1.1 400 0s "Mozilla/5.0 (iPhone; CPU iPhone OS 11_0 like Mac OS X) AppleWebKit/604.1.38 (KHTML, like Gecko) Version/11.0 Mobile/15A372 Safari/604.1 HBuilderX" "
2024-04-14 23:34:22 - ::1 "POST /moment/pagelist HTTP/1.1 400 0s "Mozilla/5.0 (iPhone; CPU iPhone OS 11_0 like Mac OS X) AppleWebKit/604.1.38 (KHTML, like Gecko) Version/11.0 Mobile/15A372 Safari/604.1 HBuilderX" "
2024-04-14 23:34:56 - ::1 "POST /moment/pagelist HTTP/1.1 400 0s "Mozilla/5.0 (iPhone; CPU iPhone OS 11_0 like Mac OS X) AppleWebKit/604.1.38 (KHTML, like Gecko) Version/11.0 Mobile/15A372 Safari/604.1 HBuilderX" "
2024-04-14 23:34:56 - ::1 "POST /moment/pagelist HTTP/1.1 400 0s "Mozilla/5.0 (iPhone; CPU iPhone OS 11_0 like Mac OS X) AppleWebKit/604.1.38 (KHTML, like Gecko) Version/11.0 Mobile/15A372 Safari/604.1 HBuilderX" "
2024-04-14 23:35:05 - ::1 "POST /moment/pagelist HTTP/1.1 400 0s "Mozilla/5.0 (iPhone; CPU iPhone OS 11_0 like Mac OS X) AppleWebKit/604.1.38 (KHTML, like Gecko) Version/11.0 Mobile/15A372 Safari/604.1 HBuilderX" "
2024-04-14 23:35:08 - ::1 "POST /moment/pagelist HTTP/1.1 400 0s "Mozilla/5.0 (iPhone; CPU iPhone OS 11_0 like Mac OS X) AppleWebKit/604.1.38 (KHTML, like Gecko) Version/11.0 Mobile/15A372 Safari/604.1 HBuilderX" "
2024-04-14 23:35:39 - ::1 "POST /moment/pagelist HTTP/1.1 400 0s "Mozilla/5.0 (iPhone; CPU iPhone OS 11_0 like Mac OS X) AppleWebKit/604.1.38 (KHTML, like Gecko) Version/11.0 Mobile/15A372 Safari/604.1 HBuilderX" "
2024-04-14 23:36:01 - ::1 "POST /moment/pagelist HTTP/1.1 400 0s "Mozilla/5.0 (iPhone; CPU iPhone OS 11_0 like Mac OS X) AppleWebKit/604.1.38 (KHTML, like Gecko) Version/11.0 Mobile/15A372 Safari/604.1 HBuilderX" "
2024-04-14 23:37:33 - ::1 "POST /user/login HTTP/1.1 200 49.5391ms "Mozilla/5.0 (iPhone; CPU iPhone OS 11_0 like Mac OS X) AppleWebKit/604.1.38 (KHTML, like Gecko) Version/11.0 Mobile/15A372 Safari/604.1 HBuilderX" "
2024-04-14 23:37:35 - ::1 "POST /moment/usermoments HTTP/1.1 200 53.6495ms "Mozilla/5.0 (iPhone; CPU iPhone OS 11_0 like Mac OS X) AppleWebKit/604.1.38 (KHTML, like Gecko) Version/11.0 Mobile/15A372 Safari/604.1 HBuilderX" "
2024-04-14 23:37:36 - ::1 "POST /moment/usermoments HTTP/1.1 200 50.3803ms "Mozilla/5.0 (iPhone; CPU iPhone OS 11_0 like Mac OS X) AppleWebKit/604.1.38 (KHTML, like Gecko) Version/11.0 Mobile/15A372 Safari/604.1 HBuilderX" "
2024-04-14 23:37:40 - ::1 "POST /moment/usermoments HTTP/1.1 200 46.8956ms "Mozilla/5.0 (iPhone; CPU iPhone OS 11_0 like Mac OS X) AppleWebKit/604.1.38 (KHTML, like Gecko) Version/11.0 Mobile/15A372 Safari/604.1 HBuilderX" "
2024-04-14 23:37:49 - ::1 "POST /moment/pagelist HTTP/1.1 200 206.2564ms "Mozilla/5.0 (iPhone; CPU iPhone OS 11_0 like Mac OS X) AppleWebKit/604.1.38 (KHTML, like Gecko) Version/11.0 Mobile/15A372 Safari/604.1 HBuilderX" "
2024-04-14 23:37:51 - ::1 "POST /moment/pagelist HTTP/1.1 200 202.5129ms "Mozilla/5.0 (iPhone; CPU iPhone OS 11_0 like Mac OS X) AppleWebKit/604.1.38 (KHTML, like Gecko) Version/11.0 Mobile/15A372 Safari/604.1 HBuilderX" "
2024-04-14 23:37:52 - ::1 "POST /moment/unlike HTTP/1.1 200 10.1002ms "Mozilla/5.0 (iPhone; CPU iPhone OS 11_0 like Mac OS X) AppleWebKit/604.1.38 (KHTML, like Gecko) Version/11.0 Mobile/15A372 Safari/604.1 HBuilderX" "
2024-04-14 23:37:54 - ::1 "POST /moment/unlike HTTP/1.1 200 3.5069ms "Mozilla/5.0 (iPhone; CPU iPhone OS 11_0 like Mac OS X) AppleWebKit/604.1.38 (KHTML, like Gecko) Version/11.0 Mobile/15A372 Safari/604.1 HBuilderX" "
2024-04-14 23:37:55 - ::1 "POST /moment/like HTTP/1.1 200 6.6112ms "Mozilla/5.0 (iPhone; CPU iPhone OS 11_0 like Mac OS X) AppleWebKit/604.1.38 (KHTML, like Gecko) Version/11.0 Mobile/15A372 Safari/604.1 HBuilderX" "
2024-04-14 23:37:56 - ::1 "POST /moment/like HTTP/1.1 200 4.4048ms "Mozilla/5.0 (iPhone; CPU iPhone OS 11_0 like Mac OS X) AppleWebKit/604.1.38 (KHTML, like Gecko) Version/11.0 Mobile/15A372 Safari/604.1 HBuilderX" "
2024-04-14 23:37:56 - ::1 "POST /moment/unlike HTTP/1.1 200 4.271ms "Mozilla/5.0 (iPhone; CPU iPhone OS 11_0 like Mac OS X) AppleWebKit/604.1.38 (KHTML, like Gecko) Version/11.0 Mobile/15A372 Safari/604.1 HBuilderX" "
2024-04-14 23:37:56 - ::1 "POST /moment/like HTTP/1.1 200 3.1934ms "Mozilla/5.0 (iPhone; CPU iPhone OS 11_0 like Mac OS X) AppleWebKit/604.1.38 (KHTML, like Gecko) Version/11.0 Mobile/15A372 Safari/604.1 HBuilderX" "
2024-04-14 23:37:57 - ::1 "POST /moment/unlike HTTP/1.1 200 3.0571ms "Mozilla/5.0 (iPhone; CPU iPhone OS 11_0 like Mac OS X) AppleWebKit/604.1.38 (KHTML, like Gecko) Version/11.0 Mobile/15A372 Safari/604.1 HBuilderX" "
2024-04-14 23:37:58 - ::1 "POST /moment/unlike HTTP/1.1 200 3.1537ms "Mozilla/5.0 (iPhone; CPU iPhone OS 11_0 like Mac OS X) AppleWebKit/604.1.38 (KHTML, like Gecko) Version/11.0 Mobile/15A372 Safari/604.1 HBuilderX" "
2024-04-14 23:37:59 - ::1 "POST /moment/like HTTP/1.1 200 3.2606ms "Mozilla/5.0 (iPhone; CPU iPhone OS 11_0 like Mac OS X) AppleWebKit/604.1.38 (KHTML, like Gecko) Version/11.0 Mobile/15A372 Safari/604.1 HBuilderX" "
2024-04-14 23:38:02 - ::1 "POST /moment/unlike HTTP/1.1 200 3.9245ms "Mozilla/5.0 (iPhone; CPU iPhone OS 11_0 like Mac OS X) AppleWebKit/604.1.38 (KHTML, like Gecko) Version/11.0 Mobile/15A372 Safari/604.1 HBuilderX" "
2024-04-14 23:38:03 - ::1 "POST /moment/like HTTP/1.1 200 4.3143ms "Mozilla/5.0 (iPhone; CPU iPhone OS 11_0 like Mac OS X) AppleWebKit/604.1.38 (KHTML, like Gecko) Version/11.0 Mobile/15A372 Safari/604.1 HBuilderX" "
2024-04-14 23:38:03 - ::1 "POST /moment/unlike HTTP/1.1 200 2.8185ms "Mozilla/5.0 (iPhone; CPU iPhone OS 11_0 like Mac OS X) AppleWebKit/604.1.38 (KHTML, like Gecko) Version/11.0 Mobile/15A372 Safari/604.1 HBuilderX" "
2024-04-14 23:38:04 - ::1 "POST /moment/like HTTP/1.1 200 3.014ms "Mozilla/5.0 (iPhone; CPU iPhone OS 11_0 like Mac OS X) AppleWebKit/604.1.38 (KHTML, like Gecko) Version/11.0 Mobile/15A372 Safari/604.1 HBuilderX" "
2024-04-14 23:38:06 - ::1 "POST /moment/unlike HTTP/1.1 200 4.8771ms "Mozilla/5.0 (iPhone; CPU iPhone OS 11_0 like Mac OS X) AppleWebKit/604.1.38 (KHTML, like Gecko) Version/11.0 Mobile/15A372 Safari/604.1 HBuilderX" "
2024-04-14 23:38:09 - ::1 "POST /moment/ranked HTTP/1.1 200 199.8776ms "Mozilla/5.0 (iPhone; CPU iPhone OS 11_0 like Mac OS X) AppleWebKit/604.1.38 (KHTML, like Gecko) Version/11.0 Mobile/15A372 Safari/604.1 HBuilderX" "
2024-04-14 23:38:11 - ::1 "POST /moment/ranked HTTP/1.1 200 198.8452ms "Mozilla/5.0 (iPhone; CPU iPhone OS 11_0 like Mac OS X) AppleWebKit/604.1.38 (KHTML, like Gecko) Version/11.0 Mobile/15A372 Safari/604.1 HBuilderX" "
2024-04-14 23:38:15 - ::1 "POST /moment/pagelist HTTP/1.1 200 200.0016ms "Mozilla/5.0 (iPhone; CPU iPhone OS 11_0 like Mac OS X) AppleWebKit/604.1.38 (KHTML, like Gecko) Version/11.0 Mobile/15A372 Safari/604.1 HBuilderX" "
2024-04-14 23:38:16 - ::1 "POST /moment/like HTTP/1.1 200 4.6049ms "Mozilla/5.0 (iPhone; CPU iPhone OS 11_0 like Mac OS X) AppleWebKit/604.1.38 (KHTML, like Gecko) Version/11.0 Mobile/15A372 Safari/604.1 HBuilderX" "
2024-04-14 23:38:18 - ::1 "POST /moment/unlike HTTP/1.1 200 2.7826ms "Mozilla/5.0 (iPhone; CPU iPhone OS 11_0 like Mac OS X) AppleWebKit/604.1.38 (KHTML, like Gecko) Version/11.0 Mobile/15A372 Safari/604.1 HBuilderX" "
2024-04-14 23:38:19 - ::1 "POST /moment/pagelist HTTP/1.1 200 207.0838ms "Mozilla/5.0 (iPhone; CPU iPhone OS 11_0 like Mac OS X) AppleWebKit/604.1.38 (KHTML, like Gecko) Version/11.0 Mobile/15A372 Safari/604.1 HBuilderX" "
2024-04-14 23:38:21 - ::1 "POST /moment/pagelist HTTP/1.1 200 201.5612ms "Mozilla/5.0 (iPhone; CPU iPhone OS 11_0 like Mac OS X) AppleWebKit/604.1.38 (KHTML, like Gecko) Version/11.0 Mobile/15A372 Safari/604.1 HBuilderX" "
2024-04-14 23:38:21 - ::1 "POST /moment/like HTTP/1.1 200 2.8032ms "Mozilla/5.0 (iPhone; CPU iPhone OS 11_0 like Mac OS X) AppleWebKit/604.1.38 (KHTML, like Gecko) Version/11.0 Mobile/15A372 Safari/604.1 HBuilderX" "
2024-04-14 23:38:22 - ::1 "POST /moment/pagelist HTTP/1.1 200 210.8507ms "Mozilla/5.0 (iPhone; CPU iPhone OS 11_0 like Mac OS X) AppleWebKit/604.1.38 (KHTML, like Gecko) Version/11.0 Mobile/15A372 Safari/604.1 HBuilderX" "
2024-04-14 23:38:23 - ::1 "POST /moment/pagelist HTTP/1.1 200 201.7361ms "Mozilla/5.0 (iPhone; CPU iPhone OS 11_0 like Mac OS X) AppleWebKit/604.1.38 (KHTML, like Gecko) Version/11.0 Mobile/15A372 Safari/604.1 HBuilderX" "
2024-04-14 23:38:24 - ::1 "POST /moment/pagelist HTTP/1.1 200 206.3803ms "Mozilla/5.0 (iPhone; CPU iPhone OS 11_0 like Mac OS X) AppleWebKit/604.1.38 (KHTML, like Gecko) Version/11.0 Mobile/15A372 Safari/604.1 HBuilderX" "
2024-04-14 23:38:35 - ::1 "POST /moment/usermoments HTTP/1.1 200 58.6725ms "Mozilla/5.0 (iPhone; CPU iPhone OS 11_0 like Mac OS X) AppleWebKit/604.1.38 (KHTML, like Gecko) Version/11.0 Mobile/15A372 Safari/604.1 HBuilderX" "
2024-04-14 23:38:36 - ::1 "POST /moment/usermoments HTTP/1.1 200 53.4697ms "Mozilla/5.0 (iPhone; CPU iPhone OS 11_0 like Mac OS X) AppleWebKit/604.1.38 (KHTML, like Gecko) Version/11.0 Mobile/15A372 Safari/604.1 HBuilderX" "
2024-04-14 23:38:38 - ::1 "POST /moment/ranked HTTP/1.1 200 198.0781ms "Mozilla/5.0 (iPhone; CPU iPhone OS 11_0 like Mac OS X) AppleWebKit/604.1.38 (KHTML, like Gecko) Version/11.0 Mobile/15A372 Safari/604.1 HBuilderX" "
2024-04-14 23:38:39 - ::1 "POST /moment/ranked HTTP/1.1 200 205.6055ms "Mozilla/5.0 (iPhone; CPU iPhone OS 11_0 like Mac OS X) AppleWebKit/604.1.38 (KHTML, like Gecko) Version/11.0 Mobile/15A372 Safari/604.1 HBuilderX" "
2024-04-14 23:38:40 - ::1 "POST /moment/ranked HTTP/1.1 200 214.0553ms "Mozilla/5.0 (iPhone; CPU iPhone OS 11_0 like Mac OS X) AppleWebKit/604.1.38 (KHTML, like Gecko) Version/11.0 Mobile/15A372 Safari/604.1 HBuilderX" "
2024-04-14 23:38:41 - ::1 "POST /moment/ranked HTTP/1.1 200 215.7558ms "Mozilla/5.0 (iPhone; CPU iPhone OS 11_0 like Mac OS X) AppleWebKit/604.1.38 (KHTML, like Gecko) Version/11.0 Mobile/15A372 Safari/604.1 HBuilderX" "
2024-04-14 23:38:42 - ::1 "POST /moment/ranked HTTP/1.1 200 203.3324ms "Mozilla/5.0 (iPhone; CPU iPhone OS 11_0 like Mac OS X) AppleWebKit/604.1.38 (KHTML, like Gecko) Version/11.0 Mobile/15A372 Safari/604.1 HBuilderX" "
2024-04-14 23:38:42 - ::1 "POST /moment/ranked HTTP/1.1 200 204.2729ms "Mozilla/5.0 (iPhone; CPU iPhone OS 11_0 like Mac OS X) AppleWebKit/604.1.38 (KHTML, like Gecko) Version/11.0 Mobile/15A372 Safari/604.1 HBuilderX" "
2024-04-14 23:38:44 - ::1 "POST /moment/ranked HTTP/1.1 200 201.8693ms "Mozilla/5.0 (iPhone; CPU iPhone OS 11_0 like Mac OS X) AppleWebKit/604.1.38 (KHTML, like Gecko) Version/11.0 Mobile/15A372 Safari/604.1 HBuilderX" "
2024-04-14 23:38:50 - ::1 "POST /moment/usermoments HTTP/1.1 200 57.9586ms "Mozilla/5.0 (iPhone; CPU iPhone OS 11_0 like Mac OS X) AppleWebKit/604.1.38 (KHTML, like Gecko) Version/11.0 Mobile/15A372 Safari/604.1 HBuilderX" "
2024-04-14 23:38:51 - ::1 "POST /moment/usermoments HTTP/1.1 200 52.5947ms "Mozilla/5.0 (iPhone; CPU iPhone OS 11_0 like Mac OS X) AppleWebKit/604.1.38 (KHTML, like Gecko) Version/11.0 Mobile/15A372 Safari/604.1 HBuilderX" "
2024-04-14 23:38:54 - ::1 "POST /moment/usermoments HTTP/1.1 200 53.5931ms "Mozilla/5.0 (iPhone; CPU iPhone OS 11_0 like Mac OS X) AppleWebKit/604.1.38 (KHTML, like Gecko) Version/11.0 Mobile/15A372 Safari/604.1 HBuilderX" "
2024-04-14 23:38:57 - ::1 "POST /moment/usermoments HTTP/1.1 200 50.0153ms "Mozilla/5.0 (iPhone; CPU iPhone OS 11_0 like Mac OS X) AppleWebKit/604.1.38 (KHTML, like Gecko) Version/11.0 Mobile/15A372 Safari/604.1 HBuilderX" "
2024-04-14 23:38:57 - ::1 "POST /moment/usermoments HTTP/1.1 200 54.0363ms "Mozilla/5.0 (iPhone; CPU iPhone OS 11_0 like Mac OS X) AppleWebKit/604.1.38 (KHTML, like Gecko) Version/11.0 Mobile/15A372 Safari/604.1 HBuilderX" "
2024-04-14 23:38:59 - ::1 "POST /moment/ranked HTTP/1.1 200 209.8683ms "Mozilla/5.0 (iPhone; CPU iPhone OS 11_0 like Mac OS X) AppleWebKit/604.1.38 (KHTML, like Gecko) Version/11.0 Mobile/15A372 Safari/604.1 HBuilderX" "
2024-04-14 23:39:00 - ::1 "POST /moment/ranked HTTP/1.1 200 208.5141ms "Mozilla/5.0 (iPhone; CPU iPhone OS 11_0 like Mac OS X) AppleWebKit/604.1.38 (KHTML, like Gecko) Version/11.0 Mobile/15A372 Safari/604.1 HBuilderX" "
2024-04-14 23:39:01 - ::1 "POST /moment/usermoments HTTP/1.1 200 52.9359ms "Mozilla/5.0 (iPhone; CPU iPhone OS 11_0 like Mac OS X) AppleWebKit/604.1.38 (KHTML, like Gecko) Version/11.0 Mobile/15A372 Safari/604.1 HBuilderX" "
2024-04-14 23:39:02 - ::1 "POST /moment/usermoments HTTP/1.1 200 49.0056ms "Mozilla/5.0 (iPhone; CPU iPhone OS 11_0 like Mac OS X) AppleWebKit/604.1.38 (KHTML, like Gecko) Version/11.0 Mobile/15A372 Safari/604.1 HBuilderX" "
2024-04-14 23:39:12 - ::1 "POST /moment/pagelist HTTP/1.1 400 0s "Mozilla/5.0 (iPhone; CPU iPhone OS 11_0 like Mac OS X) AppleWebKit/604.1.38 (KHTML, like Gecko) Version/11.0 Mobile/15A372 Safari/604.1 HBuilderX" "
2024-04-14 23:39:29 - ::1 "POST /user/login HTTP/1.1 200 9.7882ms "Mozilla/5.0 (iPhone; CPU iPhone OS 11_0 like Mac OS X) AppleWebKit/604.1.38 (KHTML, like Gecko) Version/11.0 Mobile/15A372 Safari/604.1 HBuilderX" "
2024-04-14 23:39:35 - ::1 "POST /moment/usermoments HTTP/1.1 200 57.9636ms "Mozilla/5.0 (iPhone; CPU iPhone OS 11_0 like Mac OS X) AppleWebKit/604.1.38 (KHTML, like Gecko) Version/11.0 Mobile/15A372 Safari/604.1 HBuilderX" "
2024-04-14 23:45:27 - ::1 "POST /moment/usermoments HTTP/1.1 200 52.0591ms "Mozilla/5.0 (iPhone; CPU iPhone OS 11_0 like Mac OS X) AppleWebKit/604.1.38 (KHTML, like Gecko) Version/11.0 Mobile/15A372 Safari/604.1 HBuilderX" "
2024-04-14 23:45:29 - ::1 "POST /moment/usermoments HTTP/1.1 200 55.1814ms "Mozilla/5.0 (iPhone; CPU iPhone OS 11_0 like Mac OS X) AppleWebKit/604.1.38 (KHTML, like Gecko) Version/11.0 Mobile/15A372 Safari/604.1 HBuilderX" "
2024-04-14 23:47:08 - ::1 "POST /moment/usermoments HTTP/1.1 200 70.9729ms "Mozilla/5.0 (iPhone; CPU iPhone OS 11_0 like Mac OS X) AppleWebKit/604.1.38 (KHTML, like Gecko) Version/11.0 Mobile/15A372 Safari/604.1 HBuilderX" "
2024-04-14 23:49:40 - ::1 "POST /user/login HTTP/1.1 200 11.1096ms "Mozilla/5.0 (iPhone; CPU iPhone OS 11_0 like Mac OS X) AppleWebKit/604.1.38 (KHTML, like Gecko) Version/11.0 Mobile/15A372 Safari/604.1 HBuilderX" "
2024-04-14 23:49:42 - ::1 "POST /moment/usermoments HTTP/1.1 200 158.925ms "Mozilla/5.0 (iPhone; CPU iPhone OS 11_0 like Mac OS X) AppleWebKit/604.1.38 (KHTML, like Gecko) Version/11.0 Mobile/15A372 Safari/604.1 HBuilderX" "
2024-04-14 23:49:42 - ::1 "POST /moment/usermoments HTTP/1.1 200 158.5872ms "Mozilla/5.0 (iPhone; CPU iPhone OS 11_0 like Mac OS X) AppleWebKit/604.1.38 (KHTML, like Gecko) Version/11.0 Mobile/15A372 Safari/604.1 HBuilderX" "
2024-04-14 23:49:47 - ::1 "POST /moment/ranked HTTP/1.1 200 205.152ms "Mozilla/5.0 (iPhone; CPU iPhone OS 11_0 like Mac OS X) AppleWebKit/604.1.38 (KHTML, like Gecko) Version/11.0 Mobile/15A372 Safari/604.1 HBuilderX" "
2024-04-14 23:49:47 - ::1 "POST /moment/ranked HTTP/1.1 200 210.79ms "Mozilla/5.0 (iPhone; CPU iPhone OS 11_0 like Mac OS X) AppleWebKit/604.1.38 (KHTML, like Gecko) Version/11.0 Mobile/15A372 Safari/604.1 HBuilderX" "
2024-04-14 23:49:48 - ::1 "POST /moment/ranked HTTP/1.1 200 207.4051ms "Mozilla/5.0 (iPhone; CPU iPhone OS 11_0 like Mac OS X) AppleWebKit/604.1.38 (KHTML, like Gecko) Version/11.0 Mobile/15A372 Safari/604.1 HBuilderX" "
2024-04-14 23:49:50 - ::1 "POST /moment/pagelist HTTP/1.1 200 216.5212ms "Mozilla/5.0 (iPhone; CPU iPhone OS 11_0 like Mac OS X) AppleWebKit/604.1.38 (KHTML, like Gecko) Version/11.0 Mobile/15A372 Safari/604.1 HBuilderX" "
2024-04-14 23:49:54 - ::1 "POST /moment/usermoments HTTP/1.1 200 154.9802ms "Mozilla/5.0 (iPhone; CPU iPhone OS 11_0 like Mac OS X) AppleWebKit/604.1.38 (KHTML, like Gecko) Version/11.0 Mobile/15A372 Safari/604.1 HBuilderX" "
2024-04-14 23:49:59 - ::1 "POST /moment/usermoments HTTP/1.1 200 157.1545ms "Mozilla/5.0 (iPhone; CPU iPhone OS 11_0 like Mac OS X) AppleWebKit/604.1.38 (KHTML, like Gecko) Version/11.0 Mobile/15A372 Safari/604.1 HBuilderX" "
2024-04-14 23:50:01 - ::1 "POST /moment/usermoments HTTP/1.1 200 152.2253ms "Mozilla/5.0 (iPhone; CPU iPhone OS 11_0 like Mac OS X) AppleWebKit/604.1.38 (KHTML, like Gecko) Version/11.0 Mobile/15A372 Safari/604.1 HBuilderX" "
2024-04-14 23:50:09 - ::1 "POST /moment/ranked HTTP/1.1 200 232.5104ms "Mozilla/5.0 (iPhone; CPU iPhone OS 11_0 like Mac OS X) AppleWebKit/604.1.38 (KHTML, like Gecko) Version/11.0 Mobile/15A372 Safari/604.1 HBuilderX" "
2024-04-14 23:50:12 - ::1 "POST /moment/pagelist HTTP/1.1 200 202.568ms "Mozilla/5.0 (iPhone; CPU iPhone OS 11_0 like Mac OS X) AppleWebKit/604.1.38 (KHTML, like Gecko) Version/11.0 Mobile/15A372 Safari/604.1 HBuilderX" "
2024-04-14 23:50:13 - ::1 "POST /moment/pagelist HTTP/1.1 200 204.0279ms "Mozilla/5.0 (iPhone; CPU iPhone OS 11_0 like Mac OS X) AppleWebKit/604.1.38 (KHTML, like Gecko) Version/11.0 Mobile/15A372 Safari/604.1 HBuilderX" "
2024-04-14 23:50:16 - ::1 "POST /moment/ranked HTTP/1.1 200 209.892ms "Mozilla/5.0 (iPhone; CPU iPhone OS 11_0 like Mac OS X) AppleWebKit/604.1.38 (KHTML, like Gecko) Version/11.0 Mobile/15A372 Safari/604.1 HBuilderX" "
2024-04-14 23:50:21 - ::1 "POST /moment/ranked HTTP/1.1 200 218.1469ms "Mozilla/5.0 (iPhone; CPU iPhone OS 11_0 like Mac OS X) AppleWebKit/604.1.38 (KHTML, like Gecko) Version/11.0 Mobile/15A372 Safari/604.1 HBuilderX" "
