2024-04-13 14:17:46 - ::1 "POST / HTTP/1.1 404 0s "PostmanRuntime/7.37.3" "
2024-04-13 14:18:18 - ::1 "POST /moment/list HTTP/1.1 400 6.8114ms "PostmanRuntime/7.37.3" "
2024-04-13 14:20:28 - ::1 "POST /moment/list HTTP/1.1 400 4.1531ms "PostmanRuntime/7.37.3" "
2024-04-13 14:21:17 - ::1 "POST /moment/list HTTP/1.1 400 2.1567ms "PostmanRuntime/7.37.3" "
2024-04-13 14:22:55 - ::1 "POST /moment/list HTTP/1.1 200 101.3462ms "PostmanRuntime/7.37.3" "
2024-04-13 14:27:06 - ::1 "POST /moment/send HTTP/1.1 200 63.4626ms "Go-http-client/1.1" "
2024-04-13 14:27:06 - ::1 "POST /moment/send HTTP/1.1 200 72.57ms "Go-http-client/1.1" "
2024-04-13 14:27:06 - ::1 "POST /moment/send HTTP/1.1 200 73.0407ms "Go-http-client/1.1" "
2024-04-13 14:27:06 - ::1 "POST /moment/send HTTP/1.1 200 75.3744ms "Go-http-client/1.1" "
2024-04-13 14:27:06 - ::1 "POST /moment/send HTTP/1.1 200 85.8595ms "Go-http-client/1.1" "
2024-04-13 14:27:06 - ::1 "POST /moment/send HTTP/1.1 200 87.8797ms "Go-http-client/1.1" "
2024-04-13 14:27:06 - ::1 "POST /moment/send HTTP/1.1 200 87.3525ms "Go-http-client/1.1" "
2024-04-13 14:27:06 - ::1 "POST /moment/send HTTP/1.1 200 88.5551ms "Go-http-client/1.1" "
2024-04-13 14:27:06 - ::1 "POST /moment/send HTTP/1.1 200 88.5551ms "Go-http-client/1.1" "
2024-04-13 14:27:06 - ::1 "POST /moment/send HTTP/1.1 200 88.5551ms "Go-http-client/1.1" "
2024-04-13 14:27:06 - ::1 "POST /moment/send HTTP/1.1 200 92.9891ms "Go-http-client/1.1" "
2024-04-13 14:27:06 - ::1 "POST /moment/send HTTP/1.1 200 106.2978ms "Go-http-client/1.1" "
2024-04-13 14:27:06 - ::1 "POST /moment/send HTTP/1.1 200 105.5098ms "Go-http-client/1.1" "
2024-04-13 14:27:06 - ::1 "POST /moment/send HTTP/1.1 200 113.9957ms "Go-http-client/1.1" "
2024-04-13 14:27:06 - ::1 "POST /moment/send HTTP/1.1 200 115.503ms "Go-http-client/1.1" "
2024-04-13 14:27:06 - ::1 "POST /moment/send HTTP/1.1 200 116.2528ms "Go-http-client/1.1" "
2024-04-13 14:27:06 - ::1 "POST /moment/send HTTP/1.1 200 113.4111ms "Go-http-client/1.1" "
2024-04-13 14:27:06 - ::1 "POST /moment/send HTTP/1.1 200 115.5815ms "Go-http-client/1.1" "
2024-04-13 14:27:06 - ::1 "POST /moment/send HTTP/1.1 200 115.503ms "Go-http-client/1.1" "
2024-04-13 14:27:06 - ::1 "POST /moment/send HTTP/1.1 200 122.4386ms "Go-http-client/1.1" "
2024-04-13 14:27:19 - ::1 "POST /moment/list HTTP/1.1 200 8.7373ms "PostmanRuntime/7.37.3" "
2024-04-13 14:29:12 - ::1 "POST /moment/like HTTP/1.1 200 54.0283ms "Go-http-client/1.1" "
2024-04-13 14:29:12 - ::1 "POST /moment/like HTTP/1.1 200 55.3115ms "Go-http-client/1.1" "
2024-04-13 14:29:12 - ::1 "POST /moment/like HTTP/1.1 200 55.2077ms "Go-http-client/1.1" "
2024-04-13 14:29:12 - ::1 "POST /moment/like HTTP/1.1 200 65.4923ms "Go-http-client/1.1" "
2024-04-13 14:29:12 - ::1 "POST /moment/like HTTP/1.1 200 64.4545ms "Go-http-client/1.1" "
2024-04-13 14:29:12 - ::1 "POST /moment/like HTTP/1.1 200 64.9865ms "Go-http-client/1.1" "
2024-04-13 14:29:12 - ::1 "POST /moment/like HTTP/1.1 200 65.4923ms "Go-http-client/1.1" "
2024-04-13 14:29:12 - ::1 "POST /moment/like HTTP/1.1 200 64.9865ms "Go-http-client/1.1" "
2024-04-13 14:29:12 - ::1 "POST /moment/like HTTP/1.1 200 64.9865ms "Go-http-client/1.1" "
2024-04-13 14:29:12 - ::1 "POST /moment/like HTTP/1.1 200 64.9865ms "Go-http-client/1.1" "
2024-04-13 14:29:12 - ::1 "POST /moment/like HTTP/1.1 200 64.9865ms "Go-http-client/1.1" "
2024-04-13 14:29:12 - ::1 "POST /moment/like HTTP/1.1 200 64.9865ms "Go-http-client/1.1" "
2024-04-13 14:29:12 - ::1 "POST /moment/like HTTP/1.1 200 65.5961ms "Go-http-client/1.1" "
2024-04-13 14:29:12 - ::1 "POST /moment/like HTTP/1.1 200 64.9865ms "Go-http-client/1.1" "
2024-04-13 14:29:12 - ::1 "POST /moment/like HTTP/1.1 200 64.9865ms "Go-http-client/1.1" "
2024-04-13 14:29:12 - ::1 "POST /moment/like HTTP/1.1 200 68.8547ms "Go-http-client/1.1" "
2024-04-13 14:29:12 - ::1 "POST /moment/like HTTP/1.1 200 67.1927ms "Go-http-client/1.1" "
2024-04-13 14:29:12 - ::1 "POST /moment/like HTTP/1.1 200 68.8547ms "Go-http-client/1.1" "
2024-04-13 14:29:12 - ::1 "POST /moment/like HTTP/1.1 200 68.4181ms "Go-http-client/1.1" "
2024-04-13 14:29:12 - ::1 "POST /moment/like HTTP/1.1 200 68.9441ms "Go-http-client/1.1" "
2024-04-13 14:29:12 - ::1 "POST /moment/like HTTP/1.1 200 67.1927ms "Go-http-client/1.1" "
2024-04-13 14:29:12 - ::1 "POST /moment/like HTTP/1.1 200 69.4029ms "Go-http-client/1.1" "
2024-04-13 14:29:12 - ::1 "POST /moment/like HTTP/1.1 200 68.9441ms "Go-http-client/1.1" "
2024-04-13 14:29:12 - ::1 "POST /moment/like HTTP/1.1 200 68.4181ms "Go-http-client/1.1" "
2024-04-13 14:29:12 - ::1 "POST /moment/like HTTP/1.1 200 68.9441ms "Go-http-client/1.1" "
2024-04-13 14:29:12 - ::1 "POST /moment/like HTTP/1.1 200 69.4805ms "Go-http-client/1.1" "
2024-04-13 14:29:12 - ::1 "POST /moment/like HTTP/1.1 200 67.8185ms "Go-http-client/1.1" "
2024-04-13 14:29:12 - ::1 "POST /moment/like HTTP/1.1 200 68.9441ms "Go-http-client/1.1" "
2024-04-13 14:29:12 - ::1 "POST /moment/like HTTP/1.1 200 68.4181ms "Go-http-client/1.1" "
2024-04-13 14:29:12 - ::1 "POST /moment/like HTTP/1.1 200 68.4181ms "Go-http-client/1.1" "
2024-04-13 14:29:12 - ::1 "POST /moment/like HTTP/1.1 200 68.3183ms "Go-http-client/1.1" "
2024-04-13 14:29:12 - ::1 "POST /moment/like HTTP/1.1 200 69.4805ms "Go-http-client/1.1" "
2024-04-13 14:29:12 - ::1 "POST /moment/like HTTP/1.1 200 68.9441ms "Go-http-client/1.1" "
2024-04-13 14:29:12 - ::1 "POST /moment/like HTTP/1.1 200 68.9441ms "Go-http-client/1.1" "
2024-04-13 14:29:12 - ::1 "POST /moment/like HTTP/1.1 200 68.8547ms "Go-http-client/1.1" "
2024-04-13 14:29:12 - ::1 "POST /moment/like HTTP/1.1 200 68.4499ms "Go-http-client/1.1" "
2024-04-13 14:29:12 - ::1 "POST /moment/like HTTP/1.1 200 67.2613ms "Go-http-client/1.1" "
2024-04-13 14:29:12 - ::1 "POST /moment/like HTTP/1.1 200 68.4499ms "Go-http-client/1.1" "
2024-04-13 14:29:12 - ::1 "POST /moment/like HTTP/1.1 200 69.0446ms "Go-http-client/1.1" "
2024-04-13 14:29:12 - ::1 "POST /moment/like HTTP/1.1 200 68.4181ms "Go-http-client/1.1" "
2024-04-13 14:29:12 - ::1 "POST /moment/like HTTP/1.1 200 68.3405ms "Go-http-client/1.1" "
2024-04-13 14:29:12 - ::1 "POST /moment/like HTTP/1.1 200 70.0833ms "Go-http-client/1.1" "
2024-04-13 14:29:12 - ::1 "POST /moment/like HTTP/1.1 200 70.0833ms "Go-http-client/1.1" "
2024-04-13 14:29:12 - ::1 "POST /moment/like HTTP/1.1 200 69.5779ms "Go-http-client/1.1" "
2024-04-13 14:29:12 - ::1 "POST /moment/like HTTP/1.1 200 69.5779ms "Go-http-client/1.1" "
2024-04-13 14:29:12 - ::1 "POST /moment/like HTTP/1.1 200 69.5779ms "Go-http-client/1.1" "
2024-04-13 14:29:12 - ::1 "POST /moment/like HTTP/1.1 200 69.5779ms "Go-http-client/1.1" "
2024-04-13 14:29:12 - ::1 "POST /moment/like HTTP/1.1 200 69.5779ms "Go-http-client/1.1" "
2024-04-13 14:29:12 - ::1 "POST /moment/like HTTP/1.1 200 69.5779ms "Go-http-client/1.1" "
2024-04-13 14:29:12 - ::1 "POST /moment/like HTTP/1.1 200 68.4181ms "Go-http-client/1.1" "
2024-04-13 14:29:16 - ::1 "POST /moment/list HTTP/1.1 200 6.5149ms "PostmanRuntime/7.37.3" "
2024-04-13 14:29:20 - ::1 "POST /moment/list HTTP/1.1 200 6.1348ms "PostmanRuntime/7.37.3" "
2024-04-13 14:54:33 - ::1 "POST /moment/like HTTP/1.1 200 68.0351ms "Go-http-client/1.1" "
2024-04-13 14:54:33 - ::1 "POST /moment/like HTTP/1.1 200 71.6381ms "Go-http-client/1.1" "
2024-04-13 14:54:33 - ::1 "POST /moment/like HTTP/1.1 200 73.7905ms "Go-http-client/1.1" "
2024-04-13 14:54:33 - ::1 "POST /moment/like HTTP/1.1 200 73.2677ms "Go-http-client/1.1" "
2024-04-13 14:54:33 - ::1 "POST /moment/like HTTP/1.1 200 73.7905ms "Go-http-client/1.1" "
2024-04-13 14:54:33 - ::1 "POST /moment/like HTTP/1.1 200 73.2677ms "Go-http-client/1.1" "
2024-04-13 14:54:33 - ::1 "POST /moment/like HTTP/1.1 200 71.6381ms "Go-http-client/1.1" "
2024-04-13 14:54:33 - ::1 "POST /moment/like HTTP/1.1 200 73.8248ms "Go-http-client/1.1" "
2024-04-13 14:54:33 - ::1 "POST /moment/like HTTP/1.1 200 71.1209ms "Go-http-client/1.1" "
2024-04-13 14:54:33 - ::1 "POST /moment/like HTTP/1.1 200 73.7905ms "Go-http-client/1.1" "
2024-04-13 14:54:33 - ::1 "POST /moment/like HTTP/1.1 200 71.6381ms "Go-http-client/1.1" "
2024-04-13 14:54:33 - ::1 "POST /moment/like HTTP/1.1 200 73.2677ms "Go-http-client/1.1" "
2024-04-13 14:54:33 - ::1 "POST /moment/like HTTP/1.1 200 71.6381ms "Go-http-client/1.1" "
2024-04-13 14:54:33 - ::1 "POST /moment/like HTTP/1.1 200 73.7905ms "Go-http-client/1.1" "
2024-04-13 14:54:33 - ::1 "POST /moment/like HTTP/1.1 200 73.7905ms "Go-http-client/1.1" "
2024-04-13 14:54:33 - ::1 "POST /moment/like HTTP/1.1 200 73.7905ms "Go-http-client/1.1" "
2024-04-13 14:54:33 - ::1 "POST /moment/like HTTP/1.1 200 73.7905ms "Go-http-client/1.1" "
2024-04-13 14:54:33 - ::1 "POST /moment/like HTTP/1.1 200 73.7905ms "Go-http-client/1.1" "
2024-04-13 14:54:33 - ::1 "POST /moment/like HTTP/1.1 200 71.1209ms "Go-http-client/1.1" "
2024-04-13 14:54:33 - ::1 "POST /moment/like HTTP/1.1 200 73.7905ms "Go-http-client/1.1" "
2024-04-13 14:54:33 - ::1 "POST /moment/like HTTP/1.1 200 73.7905ms "Go-http-client/1.1" "
2024-04-13 14:54:33 - ::1 "POST /moment/like HTTP/1.1 200 73.2677ms "Go-http-client/1.1" "
2024-04-13 14:54:33 - ::1 "POST /moment/like HTTP/1.1 200 71.6381ms "Go-http-client/1.1" "
2024-04-13 14:54:33 - ::1 "POST /moment/like HTTP/1.1 200 72.1736ms "Go-http-client/1.1" "
2024-04-13 14:54:33 - ::1 "POST /moment/like HTTP/1.1 200 72.1736ms "Go-http-client/1.1" "
2024-04-13 14:54:33 - ::1 "POST /moment/like HTTP/1.1 200 74.326ms "Go-http-client/1.1" "
2024-04-13 14:54:33 - ::1 "POST /moment/like HTTP/1.1 200 71.1209ms "Go-http-client/1.1" "
2024-04-13 14:54:33 - ::1 "POST /moment/like HTTP/1.1 200 72.1736ms "Go-http-client/1.1" "
2024-04-13 14:54:33 - ::1 "POST /moment/like HTTP/1.1 200 72.6981ms "Go-http-client/1.1" "
2024-04-13 14:54:33 - ::1 "POST /moment/like HTTP/1.1 200 73.8248ms "Go-http-client/1.1" "
2024-04-13 14:54:33 - ::1 "POST /moment/like HTTP/1.1 200 73.8248ms "Go-http-client/1.1" "
2024-04-13 14:54:33 - ::1 "POST /moment/like HTTP/1.1 200 73.8248ms "Go-http-client/1.1" "
2024-04-13 14:54:33 - ::1 "POST /moment/like HTTP/1.1 200 73.8248ms "Go-http-client/1.1" "
2024-04-13 14:54:33 - ::1 "POST /moment/like HTTP/1.1 200 73.8248ms "Go-http-client/1.1" "
2024-04-13 14:54:33 - ::1 "POST /moment/like HTTP/1.1 200 73.8248ms "Go-http-client/1.1" "
2024-04-13 14:54:33 - ::1 "POST /moment/like HTTP/1.1 200 72.7824ms "Go-http-client/1.1" "
2024-04-13 14:54:33 - ::1 "POST /moment/like HTTP/1.1 200 73.8248ms "Go-http-client/1.1" "
2024-04-13 14:54:33 - ::1 "POST /moment/like HTTP/1.1 200 73.8248ms "Go-http-client/1.1" "
2024-04-13 14:54:33 - ::1 "POST /moment/like HTTP/1.1 200 72.7824ms "Go-http-client/1.1" "
2024-04-13 14:54:33 - ::1 "POST /moment/like HTTP/1.1 200 73.3076ms "Go-http-client/1.1" "
2024-04-13 14:54:33 - ::1 "POST /moment/like HTTP/1.1 200 73.8248ms "Go-http-client/1.1" "
2024-04-13 14:54:33 - ::1 "POST /moment/like HTTP/1.1 200 71.1209ms "Go-http-client/1.1" "
2024-04-13 14:54:33 - ::1 "POST /moment/like HTTP/1.1 200 72.7824ms "Go-http-client/1.1" "
2024-04-13 14:54:33 - ::1 "POST /moment/like HTTP/1.1 200 72.7824ms "Go-http-client/1.1" "
2024-04-13 14:54:33 - ::1 "POST /moment/like HTTP/1.1 200 73.8248ms "Go-http-client/1.1" "
2024-04-13 14:54:33 - ::1 "POST /moment/like HTTP/1.1 200 73.2886ms "Go-http-client/1.1" "
2024-04-13 14:54:33 - ::1 "POST /moment/like HTTP/1.1 200 73.2886ms "Go-http-client/1.1" "
2024-04-13 14:54:33 - ::1 "POST /moment/like HTTP/1.1 200 74.8516ms "Go-http-client/1.1" "
2024-04-13 14:54:33 - ::1 "POST /moment/like HTTP/1.1 200 72.6981ms "Go-http-client/1.1" "
2024-04-13 14:54:33 - ::1 "POST /moment/like HTTP/1.1 200 72.7824ms "Go-http-client/1.1" "
2024-04-13 15:38:40 - ::1 "POST /user/register HTTP/1.1 200 142.0423ms "Mozilla/5.0 (Windows NT 10.0; Win64; x64) AppleWebKit/537.36 (KHTML, like Gecko) Chrome/123.0.0.0 Safari/537.36" "
2024-04-13 15:38:50 - ::1 "POST /user/login HTTP/1.1 200 10.7781ms "Mozilla/5.0 (Windows NT 10.0; Win64; x64) AppleWebKit/537.36 (KHTML, like Gecko) Chrome/123.0.0.0 Safari/537.36" "
2024-04-13 15:39:35 - ::1 "POST /moment/pagelist HTTP/1.1 200 17.7313ms "Mozilla/5.0 (Windows NT 10.0; Win64; x64) AppleWebKit/537.36 (KHTML, like Gecko) Chrome/123.0.0.0 Safari/537.36" "
2024-04-13 15:40:25 - ::1 "POST /moment/list HTTP/1.1 400 18.5112ms "Mozilla/5.0 (Windows NT 10.0; Win64; x64) AppleWebKit/537.36 (KHTML, like Gecko) Chrome/123.0.0.0 Safari/537.36" "
2024-04-13 15:40:28 - ::1 "POST /moment/list HTTP/1.1 400 5.3067ms "Mozilla/5.0 (Windows NT 10.0; Win64; x64) AppleWebKit/537.36 (KHTML, like Gecko) Chrome/123.0.0.0 Safari/537.36" "
2024-04-13 15:41:42 - ::1 "POST /moment/list HTTP/1.1 400 3.7323ms "Mozilla/5.0 (Windows NT 10.0; Win64; x64) AppleWebKit/537.36 (KHTML, like Gecko) Chrome/123.0.0.0 Safari/537.36" "
2024-04-13 15:41:49 - ::1 "POST /moment/list HTTP/1.1 400 3.8211ms "Mozilla/5.0 (Windows NT 10.0; Win64; x64) AppleWebKit/537.36 (KHTML, like Gecko) Chrome/123.0.0.0 Safari/537.36" "
2024-04-13 15:42:40 - ::1 "POST /moment/list HTTP/1.1 400 6.2529ms "Mozilla/5.0 (Windows NT 10.0; Win64; x64) AppleWebKit/537.36 (KHTML, like Gecko) Chrome/123.0.0.0 Safari/537.36" "
2024-04-13 15:43:32 - ::1 "POST /moment/list HTTP/1.1 400 14.8469ms "Mozilla/5.0 (Windows NT 10.0; Win64; x64) AppleWebKit/537.36 (KHTML, like Gecko) Chrome/123.0.0.0 Safari/537.36" "
2024-04-13 15:46:29 - ::1 "POST /moment/list HTTP/1.1 400 299.4825ms "Mozilla/5.0 (Windows NT 10.0; Win64; x64) AppleWebKit/537.36 (KHTML, like Gecko) Chrome/123.0.0.0 Safari/537.36" "
2024-04-13 15:46:58 - ::1 "POST /moment/list HTTP/1.1 200 265.0411ms "Mozilla/5.0 (Windows NT 10.0; Win64; x64) AppleWebKit/537.36 (KHTML, like Gecko) Chrome/123.0.0.0 Safari/537.36" "
2024-04-13 16:10:46 - ::1 "POST /moment/pagelist HTTP/1.1 200 29.5995ms "Mozilla/5.0 (Windows NT 10.0; Win64; x64) AppleWebKit/537.36 (KHTML, like Gecko) Chrome/123.0.0.0 Safari/537.36" "
2024-04-13 16:20:44 - ::1 "POST /moment/usermoments HTTP/1.1 200 290.5672ms "Mozilla/5.0 (Windows NT 10.0; Win64; x64) AppleWebKit/537.36 (KHTML, like Gecko) Chrome/123.0.0.0 Safari/537.36" "
2024-04-13 16:36:40 - ::1 "POST /moment/like HTTP/1.1 200 75.1339ms "Mozilla/5.0 (Windows NT 10.0; Win64; x64) AppleWebKit/537.36 (KHTML, like Gecko) Chrome/123.0.0.0 Safari/537.36" "
2024-04-13 16:36:43 - ::1 "POST /moment/like HTTP/1.1 200 1.4359ms "Mozilla/5.0 (Windows NT 10.0; Win64; x64) AppleWebKit/537.36 (KHTML, like Gecko) Chrome/123.0.0.0 Safari/537.36" "
2024-04-13 16:36:45 - ::1 "POST /moment/like HTTP/1.1 200 1.0348ms "Mozilla/5.0 (Windows NT 10.0; Win64; x64) AppleWebKit/537.36 (KHTML, like Gecko) Chrome/123.0.0.0 Safari/537.36" "
2024-04-13 16:37:19 - ::1 "POST /moment/like HTTP/1.1 200 51.1553ms "Mozilla/5.0 (Windows NT 10.0; Win64; x64) AppleWebKit/537.36 (KHTML, like Gecko) Chrome/123.0.0.0 Safari/537.36" "
2024-04-13 16:37:21 - ::1 "POST /moment/like HTTP/1.1 200 2.5198ms "Mozilla/5.0 (Windows NT 10.0; Win64; x64) AppleWebKit/537.36 (KHTML, like Gecko) Chrome/123.0.0.0 Safari/537.36" "
2024-04-13 16:39:01 - ::1 "POST /moment/unlike HTTP/1.1 200 59.2968ms "Mozilla/5.0 (Windows NT 10.0; Win64; x64) AppleWebKit/537.36 (KHTML, like Gecko) Chrome/123.0.0.0 Safari/537.36" "
2024-04-13 16:39:08 - ::1 "POST /moment/like HTTP/1.1 200 54.2936ms "Mozilla/5.0 (Windows NT 10.0; Win64; x64) AppleWebKit/537.36 (KHTML, like Gecko) Chrome/123.0.0.0 Safari/537.36" "
2024-04-13 16:39:13 - ::1 "POST /moment/like HTTP/1.1 200 1.5535ms "Mozilla/5.0 (Windows NT 10.0; Win64; x64) AppleWebKit/537.36 (KHTML, like Gecko) Chrome/123.0.0.0 Safari/537.36" "
2024-04-13 16:41:00 - ::1 "POST /moment/like HTTP/1.1 200 978.6µs "Mozilla/5.0 (Windows NT 10.0; Win64; x64) AppleWebKit/537.36 (KHTML, like Gecko) Chrome/123.0.0.0 Safari/537.36" "
2024-04-13 16:59:03 - ::1 "POST /moment/usermoments HTTP/1.1 200 22.0592ms "Mozilla/5.0 (Windows NT 10.0; Win64; x64) AppleWebKit/537.36 (KHTML, like Gecko) Chrome/123.0.0.0 Safari/537.36" "
2024-04-13 16:59:58 - ::1 "POST /moment/usermoments HTTP/1.1 200 9.4208ms "Mozilla/5.0 (Windows NT 10.0; Win64; x64) AppleWebKit/537.36 (KHTML, like Gecko) Chrome/123.0.0.0 Safari/537.36" "
2024-04-13 17:29:23 - ::1 "POST /moment/list HTTP/1.1 200 303.7787ms "Mozilla/5.0 (Windows NT 10.0; Win64; x64) AppleWebKit/537.36 (KHTML, like Gecko) Chrome/123.0.0.0 Safari/537.36" "
