2024-04-15 12:20:29 - ::1 "POST /moment/like HTTP/1.1 200 2.798ms "PostmanRuntime/7.37.3" "
2024-04-15 12:20:31 - ::1 "POST /moment/like HTTP/1.1 400 2.2515ms "PostmanRuntime/7.37.3" "
2024-04-15 12:21:15 - ::1 "POST /moment/like HTTP/1.1 400 1.7653ms "PostmanRuntime/7.37.3" "
2024-04-15 12:21:34 - ::1 "POST /moment/unlike HTTP/1.1 200 2.0005ms "PostmanRuntime/7.37.3" "
2024-04-15 12:21:46 - ::1 "POST /moment/like HTTP/1.1 200 1.8975ms "PostmanRuntime/7.37.3" "
2024-04-15 12:23:08 - ::1 "POST /moment/unlike HTTP/1.1 200 2.5457ms "PostmanRuntime/7.37.3" "
2024-04-15 12:23:25 - ::1 "POST /moment/unlike HTTP/1.1 400 1.6709ms "PostmanRuntime/7.37.3" "
2024-04-15 12:30:44 - ::1 "POST /moment/like HTTP/1.1 400 1.5967ms "PostmanRuntime/7.37.3" "
2024-04-15 12:30:48 - ::1 "POST /moment/like HTTP/1.1 400 1.9426ms "PostmanRuntime/7.37.3" "
2024-04-15 12:31:10 - ::1 "POST /moment/like HTTP/1.1 400 2.1035ms "PostmanRuntime/7.37.3" "
2024-04-15 12:31:11 - ::1 "POST /moment/like HTTP/1.1 400 2.0876ms "PostmanRuntime/7.37.3" "
2024-04-15 12:32:06 - ::1 "POST /moment/like HTTP/1.1 200 4.5434ms "PostmanRuntime/7.37.3" "
2024-04-15 12:32:15 - ::1 "POST /moment/like HTTP/1.1 400 2.4971ms "PostmanRuntime/7.37.3" "
2024-04-15 12:33:07 - ::1 "POST /moment/usermoments HTTP/1.1 200 154.2669ms "PostmanRuntime/7.37.3" "
2024-04-15 12:33:10 - ::1 "POST /moment/usermoments HTTP/1.1 200 155.4149ms "PostmanRuntime/7.37.3" "
2024-04-15 12:33:35 - ::1 "POST /moment/pagelist HTTP/1.1 200 201.5585ms "PostmanRuntime/7.37.3" "
2024-04-15 12:33:36 - ::1 "POST /moment/pagelist HTTP/1.1 200 202.1621ms "PostmanRuntime/7.37.3" "
2024-04-15 12:34:03 - ::1 "POST /moment/pagelist HTTP/1.1 200 196.1689ms "PostmanRuntime/7.37.3" "
2024-04-15 12:34:14 - ::1 "POST /moment/pagelist HTTP/1.1 200 207.5999ms "PostmanRuntime/7.37.3" "
2024-04-15 12:34:15 - ::1 "POST /moment/pagelist HTTP/1.1 200 200.4682ms "PostmanRuntime/7.37.3" "
2024-04-15 12:34:16 - ::1 "POST /moment/pagelist HTTP/1.1 200 218.0186ms "PostmanRuntime/7.37.3" "
2024-04-15 12:34:17 - ::1 "POST /moment/pagelist HTTP/1.1 200 226.7436ms "PostmanRuntime/7.37.3" "
2024-04-15 12:34:20 - ::1 "POST /moment/like HTTP/1.1 400 1.828ms "PostmanRuntime/7.37.3" "
2024-04-15 12:34:39 - ::1 "POST /moment/unlike HTTP/1.1 200 3.0339ms "PostmanRuntime/7.37.3" "
2024-04-15 12:34:51 - ::1 "POST /moment/unlike HTTP/1.1 400 1.1241ms "PostmanRuntime/7.37.3" "
2024-04-15 12:35:00 - ::1 "POST /moment/unlike HTTP/1.1 400 712.8µs "PostmanRuntime/7.37.3" "
2024-04-15 12:35:06 - ::1 "POST /moment/pagelist HTTP/1.1 200 255.2637ms "PostmanRuntime/7.37.3" "
2024-04-15 12:35:53 - ::1 "POST /moment/pagelist HTTP/1.1 200 212.3509ms "PostmanRuntime/7.37.3" "
2024-04-15 12:38:52 - ::1 "POST /moment/pagelist HTTP/1.1 200 198.8506ms "PostmanRuntime/7.37.3" "
2024-04-15 12:39:11 - ::1 "POST /moment/pagelist HTTP/1.1 200 198.6404ms "PostmanRuntime/7.37.3" "
2024-04-15 12:40:23 - ::1 "POST /moment/pagelist HTTP/1.1 200 324.2255ms "PostmanRuntime/7.37.3" "
2024-04-15 12:40:28 - ::1 "POST /moment/pagelist HTTP/1.1 200 301.0776ms "PostmanRuntime/7.37.3" "
2024-04-15 12:40:34 - ::1 "POST /moment/like HTTP/1.1 200 2.0656ms "PostmanRuntime/7.37.3" "
2024-04-15 12:41:30 - ::1 "POST /moment/like HTTP/1.1 400 1.0634ms "PostmanRuntime/7.37.3" "
2024-04-15 12:41:39 - ::1 "POST /moment/unlike HTTP/1.1 200 1.3365ms "PostmanRuntime/7.37.3" "
2024-04-15 12:41:50 - ::1 "POST /moment/pagelist HTTP/1.1 200 296.3191ms "PostmanRuntime/7.37.3" "
2024-04-15 12:41:53 - ::1 "POST /moment/pagelist HTTP/1.1 200 302.0835ms "PostmanRuntime/7.37.3" "
2024-04-15 12:42:16 - ::1 "POST /moment/like HTTP/1.1 200 2.4188ms "PostmanRuntime/7.37.3" "
2024-04-15 12:42:21 - ::1 "POST /moment/pagelist HTTP/1.1 200 250.0452ms "PostmanRuntime/7.37.3" "
2024-04-15 12:42:27 - ::1 "POST /moment/pagelist HTTP/1.1 200 249.5976ms "PostmanRuntime/7.37.3" "
2024-04-15 12:42:29 - ::1 "POST /moment/pagelist HTTP/1.1 200 255.4589ms "PostmanRuntime/7.37.3" "
2024-04-15 12:42:33 - ::1 "POST /moment/like HTTP/1.1 400 1.2587ms "PostmanRuntime/7.37.3" "
2024-04-15 12:42:37 - ::1 "POST /moment/like HTTP/1.1 200 1.7744ms "PostmanRuntime/7.37.3" "
2024-04-15 12:42:43 - ::1 "POST /moment/pagelist HTTP/1.1 200 252.5439ms "PostmanRuntime/7.37.3" "
2024-04-15 12:42:48 - ::1 "POST /moment/pagelist HTTP/1.1 200 249.8027ms "PostmanRuntime/7.37.3" "
2024-04-15 12:42:55 - ::1 "POST /moment/like HTTP/1.1 400 909.5µs "PostmanRuntime/7.37.3" "
2024-04-15 12:43:10 - ::1 "POST /moment/unlike HTTP/1.1 200 2.6438ms "PostmanRuntime/7.37.3" "
2024-04-15 12:43:21 - ::1 "POST /moment/pagelist HTTP/1.1 200 246.7827ms "PostmanRuntime/7.37.3" "
2024-04-15 12:43:25 - ::1 "POST /moment/pagelist HTTP/1.1 200 248.1166ms "PostmanRuntime/7.37.3" "
2024-04-15 12:43:26 - ::1 "POST /moment/pagelist HTTP/1.1 200 259.7259ms "PostmanRuntime/7.37.3" "
2024-04-15 13:03:15 - ::1 "GET /moment/ranked HTTP/1.1 404 0s "PostmanRuntime/7.37.3" "
2024-04-15 13:03:20 - ::1 "GET /moment/ranked HTTP/1.1 404 0s "PostmanRuntime/7.37.3" "
2024-04-15 13:04:49 - ::1 "POST /moment/ranked HTTP/1.1 200 199.9362ms "PostmanRuntime/7.37.3" "
2024-04-15 13:05:17 - ::1 "POST /moment/ranked HTTP/1.1 200 200.178ms "PostmanRuntime/7.37.3" "
2024-04-15 13:06:51 - ::1 "POST /moment/ranked HTTP/1.1 200 235.2706ms "PostmanRuntime/7.37.3" "
2024-04-15 13:07:13 - ::1 "POST /moment/ranked HTTP/1.1 200 207.9295ms "PostmanRuntime/7.37.3" "
2024-04-15 13:07:36 - ::1 "POST /moment/ranked HTTP/1.1 200 207.4232ms "PostmanRuntime/7.37.3" "
2024-04-15 13:08:26 - ::1 "POST /moment/ranked HTTP/1.1 200 248.6534ms "PostmanRuntime/7.37.3" "
2024-04-15 14:05:58 - ::1 "POST /moment/uploadfile HTTP/1.1 400 0s "PostmanRuntime/7.37.3" "
2024-04-15 14:27:25 - ::1 "GET /static/logo.png HTTP/1.1 404 0s "Mozilla/5.0 (Windows NT 6.2; WOW64) AppleWebKit/537.36 (KHTML, like Gecko) Chrome/90.0.4430.212 Safari/537.36 HBuilderX" "
2024-04-15 14:27:29 - ::1 "GET /static/js/pages-user-index.js HTTP/1.1 404 0s "Mozilla/5.0 (iPhone; CPU iPhone OS 11_0 like Mac OS X) AppleWebKit/604.1.38 (KHTML, like Gecko) Version/11.0 Mobile/15A372 Safari/604.1 HBuilderX" "
2024-04-15 14:27:33 - ::1 "GET / HTTP/1.1 404 0s "Mozilla/5.0 (iPhone; CPU iPhone OS 11_0 like Mac OS X) AppleWebKit/604.1.38 (KHTML, like Gecko) Version/11.0 Mobile/15A372 Safari/604.1 HBuilderX" "
2024-04-15 14:29:19 - ::1 "POST /moment/uploadfile HTTP/1.1 200 1.1257ms "Mozilla/5.0 (iPhone; CPU iPhone OS 11_0 like Mac OS X) AppleWebKit/604.1.38 (KHTML, like Gecko) Version/11.0 Mobile/15A372 Safari/604.1 HBuilderX" "
2024-04-15 14:31:24 - ::1 "POST /moment/uploadfile HTTP/1.1 200 1.6485ms "Mozilla/5.0 (iPhone; CPU iPhone OS 11_0 like Mac OS X) AppleWebKit/604.1.38 (KHTML, like Gecko) Version/11.0 Mobile/15A372 Safari/604.1 HBuilderX" "
2024-04-15 14:31:39 - ::1 "POST /moment/uploadfile HTTP/1.1 200 1.4536ms "Mozilla/5.0 (iPhone; CPU iPhone OS 11_0 like Mac OS X) AppleWebKit/604.1.38 (KHTML, like Gecko) Version/11.0 Mobile/15A372 Safari/604.1 HBuilderX" "
2024-04-15 14:32:20 - ::1 "POST /moment/uploadfile HTTP/1.1 200 1.9268ms "Mozilla/5.0 (iPhone; CPU iPhone OS 11_0 like Mac OS X) AppleWebKit/604.1.38 (KHTML, like Gecko) Version/11.0 Mobile/15A372 Safari/604.1 HBuilderX" "
2024-04-15 14:34:49 - ::1 "POST /user/login HTTP/1.1 200 12.781ms "Mozilla/5.0 (iPhone; CPU iPhone OS 11_0 like Mac OS X) AppleWebKit/604.1.38 (KHTML, like Gecko) Version/11.0 Mobile/15A372 Safari/604.1 HBuilderX" "
2024-04-15 14:34:54 - ::1 "POST /moment/uploadfile HTTP/1.1 200 2.5683ms "Mozilla/5.0 (iPhone; CPU iPhone OS 11_0 like Mac OS X) AppleWebKit/604.1.38 (KHTML, like Gecko) Version/11.0 Mobile/15A372 Safari/604.1 HBuilderX" "
2024-04-15 14:35:57 - ::1 "POST /moment/pagelist HTTP/1.1 200 476.9066ms "Mozilla/5.0 (iPhone; CPU iPhone OS 11_0 like Mac OS X) AppleWebKit/604.1.38 (KHTML, like Gecko) Version/11.0 Mobile/15A372 Safari/604.1 HBuilderX" "
2024-04-15 14:35:58 - ::1 "POST /moment/pagelist HTTP/1.1 200 458.3486ms "Mozilla/5.0 (iPhone; CPU iPhone OS 11_0 like Mac OS X) AppleWebKit/604.1.38 (KHTML, like Gecko) Version/11.0 Mobile/15A372 Safari/604.1 HBuilderX" "
2024-04-15 14:36:00 - ::1 "POST /moment/pagelist HTTP/1.1 200 450.7879ms "Mozilla/5.0 (iPhone; CPU iPhone OS 11_0 like Mac OS X) AppleWebKit/604.1.38 (KHTML, like Gecko) Version/11.0 Mobile/15A372 Safari/604.1 HBuilderX" "
2024-04-15 14:36:23 - ::1 "POST /moment/pagelist HTTP/1.1 200 476.9088ms "Mozilla/5.0 (iPhone; CPU iPhone OS 11_0 like Mac OS X) AppleWebKit/604.1.38 (KHTML, like Gecko) Version/11.0 Mobile/15A372 Safari/604.1 HBuilderX" "
2024-04-15 14:36:27 - ::1 "POST /moment/pagelist HTTP/1.1 200 448.5196ms "Mozilla/5.0 (iPhone; CPU iPhone OS 11_0 like Mac OS X) AppleWebKit/604.1.38 (KHTML, like Gecko) Version/11.0 Mobile/15A372 Safari/604.1 HBuilderX" "
2024-04-15 14:36:37 - ::1 "POST /moment/pagelist HTTP/1.1 200 464.3451ms "Mozilla/5.0 (iPhone; CPU iPhone OS 11_0 like Mac OS X) AppleWebKit/604.1.38 (KHTML, like Gecko) Version/11.0 Mobile/15A372 Safari/604.1 HBuilderX" "
2024-04-15 19:30:57 - ::1 "POST /moment/send HTTP/1.1 200 111.2584ms "PostmanRuntime/7.37.3" "
2024-04-15 19:31:24 - ::1 "GET /uploads/index.png?x-oss-process=image/resize,m_fixed,h_100,w_100 HTTP/1.1 200 80.6376ms "Mozilla/5.0 (iPhone; CPU iPhone OS 16_6 like Mac OS X) AppleWebKit/605.1.15 (KHTML, like Gecko) Version/16.6 Mobile/15E148 Safari/604.1" "
2024-04-15 19:31:24 - ::1 "GET /uploads/index.png?x-oss-process=image/resize,m_fixed,h_100,w_100 HTTP/1.1 200 1.2149ms "Mozilla/5.0 (iPhone; CPU iPhone OS 16_6 like Mac OS X) AppleWebKit/605.1.15 (KHTML, like Gecko) Version/16.6 Mobile/15E148 Safari/604.1" "
2024-04-15 19:31:26 - ::1 "GET /uploads/index.png?x-oss-process=image/resize,m_fixed,h_100,w_100 HTTP/1.1 200 530.8µs "Mozilla/5.0 (iPhone; CPU iPhone OS 16_6 like Mac OS X) AppleWebKit/605.1.15 (KHTML, like Gecko) Version/16.6 Mobile/15E148 Safari/604.1" "
2024-04-15 19:34:54 - ::1 "POST /moment/delete HTTP/1.1 400 14.9415ms "PostmanRuntime/7.37.3" "
2024-04-15 19:35:30 - ::1 "POST /moment/delete HTTP/1.1 200 114.6444ms "PostmanRuntime/7.37.3" "
2024-04-15 19:37:41 - ::1 "POST /moment/delete HTTP/1.1 200 105.6185ms "PostmanRuntime/7.37.3" "
2024-04-15 19:38:53 - ::1 "POST /moment/delete HTTP/1.1 200 116.2318ms "PostmanRuntime/7.37.3" "
2024-04-15 19:41:25 - ::1 "POST /moment/delete HTTP/1.1 200 107.6767ms "PostmanRuntime/7.37.3" "
